<?xml version="1.0" encoding="UTF-8"?>
<coverage generated="1751276347994" clover="3.2.0">
  <project timestamp="1751276347994" name="All files">
    <metrics statements="145" coveredstatements="136" conditionals="133" coveredconditionals="108" methods="25" coveredmethods="23" elements="303" coveredelements="267" complexity="0" loc="145" ncloc="145" packages="1" files="1" classes="1"/>
    <file name="logic.js" path="/app/js/logic.js">
      <metrics statements="145" coveredstatements="136" conditionals="133" coveredconditionals="108" methods="25" coveredmethods="23"/>
      <line num="2" count="10" type="stmt"/>
      <line num="5" count="10" type="cond" truecount="2" falsecount="0"/>
      <line num="6" count="20" type="cond" truecount="2" falsecount="0"/>
      <line num="7" count="8" type="cond" truecount="2" falsecount="0"/>
      <line num="8" count="16" type="cond" truecount="3" falsecount="0"/>
      <line num="14" count="10" type="cond" truecount="2" falsecount="0"/>
      <line num="15" count="36" type="cond" truecount="2" falsecount="0"/>
      <line num="16" count="3" type="cond" truecount="2" falsecount="0"/>
      <line num="17" count="2" type="stmt"/>
      <line num="21" count="16" type="cond" truecount="4" falsecount="0"/>
      <line num="22" count="10" type="cond" truecount="1" falsecount="3"/>
      <line num="23" count="10" type="cond" truecount="1" falsecount="3"/>
      <line num="24" count="16" type="cond" truecount="6" falsecount="0"/>
      <line num="26" count="10" type="cond" truecount="2" falsecount="0"/>
      <line num="27" count="2" type="stmt"/>
      <line num="28" count="2" type="stmt"/>
      <line num="31" count="83" type="stmt"/>
      <line num="32" count="8" type="stmt"/>
      <line num="34" count="8" type="stmt"/>
      <line num="35" count="8" type="stmt"/>
      <line num="36" count="8" type="stmt"/>
      <line num="38" count="8" type="stmt"/>
      <line num="39" count="20" type="cond" truecount="3" falsecount="1"/>
      <line num="40" count="20" type="stmt"/>
      <line num="47" count="8" type="stmt"/>
      <line num="52" count="75" type="stmt"/>
      <line num="53" count="75" type="stmt"/>
      <line num="54" count="75" type="stmt"/>
      <line num="55" count="75" type="stmt"/>
      <line num="59" count="75" type="stmt"/>
      <line num="61" count="75" type="stmt"/>
      <line num="77" count="75" type="stmt"/>
      <line num="79" count="75" type="stmt"/>
      <line num="81" count="75" type="cond" truecount="1" falsecount="1"/>
      <line num="82" count="75" type="stmt"/>
      <line num="83" count="75" type="stmt"/>
      <line num="84" count="75" type="stmt"/>
      <line num="86" count="75" type="cond" truecount="2" falsecount="0"/>
      <line num="87" count="52" type="stmt"/>
      <line num="88" count="52" type="cond" truecount="2" falsecount="0"/>
      <line num="89" count="42" type="stmt"/>
      <line num="90" count="42" type="cond" truecount="2" falsecount="0"/>
      <line num="91" count="41" type="stmt"/>
      <line num="92" count="41" type="stmt"/>
      <line num="94" count="1" type="stmt"/>
      <line num="95" count="1" type="stmt"/>
      <line num="98" count="10" type="stmt"/>
      <line num="99" count="10" type="stmt"/>
      <line num="101" count="23" type="cond" truecount="2" falsecount="0"/>
      <line num="102" count="9" type="stmt"/>
      <line num="103" count="9" type="cond" truecount="2" falsecount="0"/>
      <line num="104" count="5" type="stmt"/>
      <line num="105" count="5" type="stmt"/>
      <line num="107" count="4" type="stmt"/>
      <line num="110" count="14" type="stmt"/>
      <line num="111" count="14" type="stmt"/>
      <line num="112" count="14" type="cond" truecount="2" falsecount="0"/>
      <line num="113" count="1" type="stmt"/>
      <line num="114" count="1" type="stmt"/>
      <line num="115" count="13" type="cond" truecount="5" falsecount="0"/>
      <line num="116" count="10" type="stmt"/>
      <line num="121" count="0" type="stmt"/>
      <line num="123" count="0" type="stmt"/>
      <line num="124" count="0" type="cond" truecount="0" falsecount="5"/>
      <line num="125" count="0" type="stmt"/>
      <line num="126" count="0" type="cond" truecount="0" falsecount="2"/>
      <line num="127" count="0" type="stmt"/>
      <line num="128" count="0" type="stmt"/>
      <line num="133" count="75" type="cond" truecount="5" falsecount="1"/>
      <line num="134" count="0" type="stmt"/>
      <line num="141" count="75" type="cond" truecount="5" falsecount="0"/>
      <line num="145" count="1" type="cond" truecount="3" falsecount="2"/>
      <line num="146" count="0" type="stmt"/>
      <line num="158" count="75" type="stmt"/>
      <line num="168" count="8" type="cond" truecount="4" falsecount="0"/>
      <line num="169" count="6" type="stmt"/>
      <line num="171" count="6" type="stmt"/>
      <line num="172" count="10" type="cond" truecount="4" falsecount="0"/>
      <line num="173" count="9" type="stmt"/>
      <line num="174" count="32" type="stmt"/>
      <line num="185" count="32" type="stmt"/>
      <line num="186" count="32" type="cond" truecount="2" falsecount="0"/>
      <line num="187" count="31" type="stmt"/>
      <line num="188" count="31" type="cond" truecount="3" falsecount="1"/>
      <line num="189" count="31" type="stmt"/>
      <line num="192" count="32" type="cond" truecount="2" falsecount="0"/>
      <line num="194" count="32" type="stmt"/>
      <line num="195" count="32" type="stmt"/>
      <line num="198" count="32" type="stmt"/>
      <line num="200" count="32" type="cond" truecount="2" falsecount="0"/>
      <line num="201" count="2" type="stmt"/>
      <line num="202" count="2" type="stmt"/>
      <line num="204" count="30" type="stmt"/>
      <line num="216" count="6" type="stmt"/>
      <line num="219" count="6" type="stmt"/>
      <line num="221" count="6" type="stmt"/>
      <line num="222" count="30" type="stmt"/>
      <line num="223" count="30" type="stmt"/>
      <line num="225" count="30" type="cond" truecount="1" falsecount="1"/>
      <line num="226" count="30" type="stmt"/>
      <line num="227" count="90" type="cond" truecount="1" falsecount="1"/>
      <line num="228" count="90" type="stmt"/>
      <line num="229" count="210" type="stmt"/>
      <line num="230" count="210" type="stmt"/>
      <line num="232" count="210" type="cond" truecount="2" falsecount="0"/>
      <line num="233" count="11" type="cond" truecount="1" falsecount="1"/>
      <line num="234" count="11" type="stmt"/>
      <line num="235" count="11" type="stmt"/>
      <line num="245" count="30" type="cond" truecount="2" falsecount="0"/>
      <line num="246" count="11" type="stmt"/>
      <line num="251" count="30" type="stmt"/>
      <line num="261" count="6" type="stmt"/>
      <line num="264" count="6" type="stmt"/>
      <line num="267" count="6" type="stmt"/>
      <line num="268" count="11" type="stmt"/>
      <line num="269" count="37" type="cond" truecount="2" falsecount="0"/>
      <line num="270" count="36" type="stmt"/>
      <line num="272" count="1" type="stmt"/>
      <line num="276" count="6" type="stmt"/>
      <line num="280" count="9" type="cond" truecount="4" falsecount="0"/>
      <line num="281" count="7" type="stmt"/>
      <line num="283" count="14" type="stmt"/>
      <line num="285" count="7" type="stmt"/>
      <line num="286" count="37" type="cond" truecount="4" falsecount="0"/>
      <line num="288" count="30" type="stmt"/>
      <line num="289" count="30" type="stmt"/>
      <line num="292" count="30" type="stmt"/>
      <line num="297" count="131" type="stmt"/>
      <line num="298" count="131" type="stmt"/>
      <line num="299" count="131" type="stmt"/>
      <line num="300" count="227" type="cond" truecount="2" falsecount="0"/>
      <line num="301" count="36" type="stmt"/>
      <line num="302" count="36" type="stmt"/>
      <line num="306" count="131" type="cond" truecount="2" falsecount="0"/>
      <line num="307" count="36" type="stmt"/>
      <line num="309" count="95" type="stmt"/>
      <line num="313" count="30" type="cond" truecount="1" falsecount="1"/>
      <line num="314" count="30" type="stmt"/>
      <line num="315" count="37" type="stmt"/>
      <line num="317" count="7" type="stmt"/>
      <line num="318" count="19" type="cond" truecount="2" falsecount="0"/>
      <line num="319" count="10" type="stmt"/>
      <line num="321" count="7" type="stmt"/>
      <line num="325" count="1" type="cond" truecount="3" falsecount="1"/>
      <line num="326" count="1" type="stmt"/>
    </file>
  </project>
</coverage>
