<?xml version="1.0" encoding="UTF-8"?>
<coverage generated="1751290285476" clover="3.2.0">
  <project timestamp="1751290285476" name="All files">
    <metrics statements="173" coveredstatements="154" conditionals="167" coveredconditionals="134" methods="28" coveredmethods="24" elements="368" coveredelements="312" complexity="0" loc="173" ncloc="173" packages="1" files="2" classes="2"/>
    <file name="ingredientMatcher.js" path="/app/js/ingredientMatcher.js">
      <metrics statements="43" coveredstatements="27" conditionals="36" coveredconditionals="20" methods="3" coveredmethods="2"/>
      <line num="3" count="1" type="stmt"/>
      <line num="47" count="1" type="stmt"/>
      <line num="59" count="1" type="stmt"/>
      <line num="88" count="1" type="stmt"/>
      <line num="469" count="127" type="cond" truecount="1" falsecount="1"/>
      <line num="470" count="127" type="stmt"/>
      <line num="471" count="127" type="cond" truecount="2" falsecount="0"/>
      <line num="475" count="77" type="cond" truecount="1" falsecount="1"/>
      <line num="476" count="77" type="stmt"/>
      <line num="481" count="77" type="stmt"/>
      <line num="485" count="77" type="stmt"/>
      <line num="486" count="77" type="stmt"/>
      <line num="487" count="231" type="cond" truecount="1" falsecount="1"/>
      <line num="488" count="0" type="stmt"/>
      <line num="497" count="77" type="cond" truecount="2" falsecount="0"/>
      <line num="498" count="49" type="stmt"/>
      <line num="502" count="28" type="stmt"/>
      <line num="503" count="9934" type="cond" truecount="2" falsecount="0"/>
      <line num="505" count="3" type="stmt"/>
      <line num="506" count="3" type="cond" truecount="2" falsecount="0"/>
      <line num="508" count="2" type="stmt"/>
      <line num="515" count="26" type="cond" truecount="5" falsecount="0"/>
      <line num="516" count="2" type="stmt"/>
      <line num="517" count="2" type="cond" truecount="1" falsecount="1"/>
      <line num="518" count="0" type="stmt"/>
      <line num="524" count="26" type="stmt"/>
      <line num="529" count="0" type="stmt"/>
      <line num="530" count="0" type="stmt"/>
      <line num="533" count="0" type="cond" truecount="0" falsecount="4"/>
      <line num="534" count="0" type="stmt"/>
      <line num="535" count="0" type="stmt"/>
      <line num="536" count="0" type="stmt"/>
      <line num="537" count="0" type="stmt"/>
      <line num="545" count="0" type="cond" truecount="0" falsecount="2"/>
      <line num="546" count="0" type="stmt"/>
      <line num="553" count="0" type="stmt"/>
      <line num="556" count="0" type="cond" truecount="0" falsecount="5"/>
      <line num="557" count="0" type="stmt"/>
      <line num="558" count="0" type="stmt"/>
      <line num="566" count="0" type="stmt"/>
      <line num="577" count="1" type="cond" truecount="3" falsecount="1"/>
      <line num="578" count="1" type="stmt"/>
      <line num="588" count="1" type="stmt"/>
    </file>
    <file name="logic.js" path="/app/js/logic.js">
      <metrics statements="130" coveredstatements="127" conditionals="131" coveredconditionals="114" methods="25" coveredmethods="22"/>
      <line num="2" count="10" type="stmt"/>
      <line num="5" count="10" type="cond" truecount="2" falsecount="0"/>
      <line num="6" count="20" type="cond" truecount="2" falsecount="0"/>
      <line num="7" count="8" type="cond" truecount="2" falsecount="0"/>
      <line num="8" count="16" type="cond" truecount="3" falsecount="0"/>
      <line num="14" count="10" type="cond" truecount="2" falsecount="0"/>
      <line num="15" count="36" type="cond" truecount="2" falsecount="0"/>
      <line num="16" count="3" type="cond" truecount="2" falsecount="0"/>
      <line num="17" count="2" type="stmt"/>
      <line num="21" count="16" type="cond" truecount="4" falsecount="0"/>
      <line num="22" count="10" type="cond" truecount="1" falsecount="3"/>
      <line num="23" count="10" type="cond" truecount="1" falsecount="3"/>
      <line num="24" count="16" type="cond" truecount="6" falsecount="0"/>
      <line num="26" count="10" type="cond" truecount="2" falsecount="0"/>
      <line num="27" count="2" type="stmt"/>
      <line num="28" count="2" type="stmt"/>
      <line num="31" count="84" type="stmt"/>
      <line num="32" count="8" type="stmt"/>
      <line num="34" count="8" type="stmt"/>
      <line num="35" count="8" type="stmt"/>
      <line num="36" count="8" type="stmt"/>
      <line num="38" count="8" type="stmt"/>
      <line num="39" count="20" type="cond" truecount="3" falsecount="1"/>
      <line num="40" count="20" type="stmt"/>
      <line num="47" count="8" type="stmt"/>
      <line num="52" count="76" type="stmt"/>
      <line num="54" count="76" type="cond" truecount="1" falsecount="1"/>
      <line num="55" count="0" type="stmt"/>
      <line num="65" count="76" type="stmt"/>
      <line num="66" count="76" type="stmt"/>
      <line num="67" count="76" type="stmt"/>
      <line num="68" count="76" type="stmt"/>
      <line num="70" count="76" type="stmt"/>
      <line num="71" count="76" type="stmt"/>
      <line num="73" count="76" type="stmt"/>
      <line num="74" count="76" type="stmt"/>
      <line num="77" count="76" type="cond" truecount="1" falsecount="1"/>
      <line num="78" count="76" type="stmt"/>
      <line num="79" count="76" type="stmt"/>
      <line num="80" count="76" type="stmt"/>
      <line num="82" count="76" type="cond" truecount="2" falsecount="0"/>
      <line num="83" count="52" type="stmt"/>
      <line num="86" count="76" type="cond" truecount="2" falsecount="0"/>
      <line num="87" count="51" type="stmt"/>
      <line num="88" count="51" type="cond" truecount="4" falsecount="0"/>
      <line num="89" count="46" type="stmt"/>
      <line num="90" count="46" type="stmt"/>
      <line num="92" count="5" type="stmt"/>
      <line num="93" count="5" type="stmt"/>
      <line num="96" count="25" type="stmt"/>
      <line num="98" count="76" type="stmt"/>
      <line num="101" count="76" type="cond" truecount="5" falsecount="1"/>
      <line num="102" count="0" type="stmt"/>
      <line num="105" count="76" type="stmt"/>
      <line num="106" count="76" type="stmt"/>
      <line num="109" count="76" type="cond" truecount="4" falsecount="0"/>
      <line num="110" count="30" type="cond" truecount="4" falsecount="0"/>
      <line num="111" count="12" type="stmt"/>
      <line num="112" count="18" type="cond" truecount="2" falsecount="0"/>
      <line num="113" count="1" type="stmt"/>
      <line num="114" count="17" type="cond" truecount="4" falsecount="0"/>
      <line num="117" count="10" type="stmt"/>
      <line num="124" count="76" type="cond" truecount="2" falsecount="0"/>
      <line num="125" count="7" type="cond" truecount="2" falsecount="0"/>
      <line num="126" count="1" type="stmt"/>
      <line num="127" count="6" type="cond" truecount="2" falsecount="0"/>
      <line num="128" count="4" type="cond" truecount="3" falsecount="1"/>
      <line num="129" count="0" type="stmt"/>
      <line num="137" count="76" type="cond" truecount="5" falsecount="1"/>
      <line num="145" count="76" type="cond" truecount="5" falsecount="1"/>
      <line num="146" count="14" type="stmt"/>
      <line num="150" count="76" type="stmt"/>
      <line num="162" count="8" type="cond" truecount="4" falsecount="0"/>
      <line num="164" count="6" type="stmt"/>
      <line num="166" count="6" type="stmt"/>
      <line num="167" count="10" type="cond" truecount="4" falsecount="0"/>
      <line num="168" count="9" type="cond" truecount="1" falsecount="1"/>
      <line num="169" count="9" type="stmt"/>
      <line num="170" count="32" type="stmt"/>
      <line num="174" count="32" type="stmt"/>
      <line num="187" count="6" type="stmt"/>
      <line num="188" count="6" type="stmt"/>
      <line num="189" count="32" type="stmt"/>
      <line num="190" count="32" type="cond" truecount="2" falsecount="0"/>
      <line num="191" count="30" type="stmt"/>
      <line num="201" count="32" type="stmt"/>
      <line num="207" count="32" type="stmt"/>
      <line num="208" count="32" type="cond" truecount="2" falsecount="0"/>
      <line num="209" count="30" type="stmt"/>
      <line num="215" count="32" type="stmt"/>
      <line num="216" count="32" type="stmt"/>
      <line num="222" count="6" type="stmt"/>
      <line num="223" count="6" type="stmt"/>
      <line num="225" count="6" type="stmt"/>
      <line num="228" count="30" type="stmt"/>
      <line num="230" count="30" type="stmt"/>
      <line num="232" count="30" type="stmt"/>
      <line num="234" count="30" type="stmt"/>
      <line num="245" count="50" type="stmt"/>
      <line num="251" count="6" type="stmt"/>
      <line num="255" count="9" type="cond" truecount="4" falsecount="0"/>
      <line num="256" count="7" type="stmt"/>
      <line num="258" count="14" type="stmt"/>
      <line num="260" count="7" type="stmt"/>
      <line num="261" count="37" type="cond" truecount="4" falsecount="0"/>
      <line num="263" count="30" type="stmt"/>
      <line num="264" count="30" type="stmt"/>
      <line num="267" count="30" type="stmt"/>
      <line num="272" count="131" type="stmt"/>
      <line num="273" count="131" type="stmt"/>
      <line num="274" count="131" type="stmt"/>
      <line num="275" count="227" type="cond" truecount="2" falsecount="0"/>
      <line num="276" count="36" type="stmt"/>
      <line num="277" count="36" type="stmt"/>
      <line num="281" count="131" type="cond" truecount="2" falsecount="0"/>
      <line num="282" count="36" type="stmt"/>
      <line num="284" count="95" type="stmt"/>
      <line num="288" count="30" type="cond" truecount="1" falsecount="1"/>
      <line num="289" count="30" type="stmt"/>
      <line num="290" count="37" type="stmt"/>
      <line num="292" count="7" type="stmt"/>
      <line num="293" count="19" type="cond" truecount="2" falsecount="0"/>
      <line num="294" count="10" type="stmt"/>
      <line num="296" count="7" type="stmt"/>
      <line num="300" count="1" type="cond" truecount="3" falsecount="1"/>
      <line num="301" count="1" type="stmt"/>
      <line num="302" count="1" type="stmt"/>
      <line num="303" count="1" type="stmt"/>
      <line num="304" count="1" type="stmt"/>
      <line num="306" count="1" type="stmt"/>
    </file>
  </project>
</coverage>
