{"/app/js/logic.js": {"path":"/app/js/logic.js","statementMap":{"0":{"start":{"line":2,"column":19},"end":{"line":2,"column":34}},"1":{"start":{"line":5,"column":4},"end":{"line":9,"column":5}},"2":{"start":{"line":6,"column":8},"end":{"line":6,"column":76}},"3":{"start":{"line":6,"column":40},"end":{"line":6,"column":74}},"4":{"start":{"line":7,"column":11},"end":{"line":9,"column":5}},"5":{"start":{"line":8,"column":8},"end":{"line":8,"column":112}},"6":{"start":{"line":8,"column":40},"end":{"line":8,"column":110}},"7":{"start":{"line":14,"column":4},"end":{"line":19,"column":5}},"8":{"start":{"line":15,"column":8},"end":{"line":15,"column":138}},"9":{"start":{"line":15,"column":40},"end":{"line":15,"column":136}},"10":{"start":{"line":16,"column":8},"end":{"line":18,"column":9}},"11":{"start":{"line":16,"column":32},"end":{"line":16,"column":71}},"12":{"start":{"line":17,"column":12},"end":{"line":17,"column":165}},"13":{"start":{"line":21,"column":4},"end":{"line":21,"column":93}},"14":{"start":{"line":21,"column":23},"end":{"line":21,"column":93}},"15":{"start":{"line":21,"column":55},"end":{"line":21,"column":91}},"16":{"start":{"line":22,"column":4},"end":{"line":22,"column":103}},"17":{"start":{"line":22,"column":31},"end":{"line":22,"column":103}},"18":{"start":{"line":22,"column":63},"end":{"line":22,"column":101}},"19":{"start":{"line":23,"column":4},"end":{"line":23,"column":108}},"20":{"start":{"line":23,"column":30},"end":{"line":23,"column":108}},"21":{"start":{"line":23,"column":62},"end":{"line":23,"column":106}},"22":{"start":{"line":24,"column":4},"end":{"line":24,"column":124}},"23":{"start":{"line":24,"column":50},"end":{"line":24,"column":124}},"24":{"start":{"line":24,"column":82},"end":{"line":24,"column":122}},"25":{"start":{"line":26,"column":4},"end":{"line":29,"column":5}},"26":{"start":{"line":27,"column":8},"end":{"line":27,"column":170}},"27":{"start":{"line":28,"column":8},"end":{"line":28,"column":18}},"28":{"start":{"line":31,"column":28},"end":{"line":31,"column":73}},"29":{"start":{"line":31,"column":53},"end":{"line":31,"column":72}},"30":{"start":{"line":32,"column":26},"end":{"line":32,"column":54}},"31":{"start":{"line":34,"column":22},"end":{"line":34,"column":24}},"32":{"start":{"line":35,"column":17},"end":{"line":35,"column":98}},"33":{"start":{"line":36,"column":25},"end":{"line":36,"column":84}},"34":{"start":{"line":38,"column":4},"end":{"line":46,"column":5}},"35":{"start":{"line":38,"column":17},"end":{"line":38,"column":18}},"36":{"start":{"line":39,"column":8},"end":{"line":45,"column":9}},"37":{"start":{"line":40,"column":12},"end":{"line":44,"column":15}},"38":{"start":{"line":47,"column":4},"end":{"line":47,"column":21}},"39":{"start":{"line":52,"column":4},"end":{"line":52,"column":33}},"40":{"start":{"line":53,"column":19},"end":{"line":53,"column":20}},"41":{"start":{"line":54,"column":15},"end":{"line":54,"column":21}},"42":{"start":{"line":55,"column":15},"end":{"line":55,"column":24}},"43":{"start":{"line":59,"column":31},"end":{"line":59,"column":89}},"44":{"start":{"line":61,"column":27},"end":{"line":76,"column":5}},"45":{"start":{"line":77,"column":27},"end":{"line":77,"column":54}},"46":{"start":{"line":79,"column":18},"end":{"line":79,"column":53}},"47":{"start":{"line":81,"column":4},"end":{"line":130,"column":5}},"48":{"start":{"line":82,"column":24},"end":{"line":82,"column":32}},"49":{"start":{"line":83,"column":34},"end":{"line":83,"column":42}},"50":{"start":{"line":84,"column":23},"end":{"line":84,"column":31}},"51":{"start":{"line":86,"column":8},"end":{"line":119,"column":9}},"52":{"start":{"line":87,"column":12},"end":{"line":87,"column":61}},"53":{"start":{"line":88,"column":12},"end":{"line":100,"column":13}},"54":{"start":{"line":89,"column":34},"end":{"line":89,"column":65}},"55":{"start":{"line":90,"column":16},"end":{"line":96,"column":17}},"56":{"start":{"line":91,"column":20},"end":{"line":91,"column":53}},"57":{"start":{"line":92,"column":20},"end":{"line":92,"column":43}},"58":{"start":{"line":94,"column":20},"end":{"line":94,"column":34}},"59":{"start":{"line":95,"column":20},"end":{"line":95,"column":71}},"60":{"start":{"line":98,"column":16},"end":{"line":98,"column":30}},"61":{"start":{"line":99,"column":16},"end":{"line":99,"column":39}},"62":{"start":{"line":101,"column":15},"end":{"line":119,"column":9}},"63":{"start":{"line":102,"column":30},"end":{"line":102,"column":61}},"64":{"start":{"line":103,"column":12},"end":{"line":108,"column":13}},"65":{"start":{"line":104,"column":16},"end":{"line":104,"column":49}},"66":{"start":{"line":105,"column":16},"end":{"line":105,"column":39}},"67":{"start":{"line":107,"column":16},"end":{"line":107,"column":67}},"68":{"start":{"line":110,"column":12},"end":{"line":110,"column":35}},"69":{"start":{"line":111,"column":30},"end":{"line":111,"column":48}},"70":{"start":{"line":112,"column":12},"end":{"line":117,"column":13}},"71":{"start":{"line":113,"column":16},"end":{"line":113,"column":49}},"72":{"start":{"line":114,"column":16},"end":{"line":114,"column":26}},"73":{"start":{"line":115,"column":19},"end":{"line":117,"column":13}},"74":{"start":{"line":116,"column":16},"end":{"line":116,"column":31}},"75":{"start":{"line":121,"column":8},"end":{"line":121,"column":25}},"76":{"start":{"line":123,"column":26},"end":{"line":123,"column":44}},"77":{"start":{"line":124,"column":8},"end":{"line":129,"column":9}},"78":{"start":{"line":125,"column":12},"end":{"line":125,"column":27}},"79":{"start":{"line":126,"column":15},"end":{"line":129,"column":9}},"80":{"start":{"line":127,"column":12},"end":{"line":127,"column":45}},"81":{"start":{"line":128,"column":12},"end":{"line":128,"column":22}},"82":{"start":{"line":133,"column":4},"end":{"line":135,"column":5}},"83":{"start":{"line":134,"column":8},"end":{"line":134,"column":23}},"84":{"start":{"line":141,"column":4},"end":{"line":148,"column":5}},"85":{"start":{"line":145,"column":9},"end":{"line":147,"column":10}},"86":{"start":{"line":146,"column":12},"end":{"line":146,"column":29}},"87":{"start":{"line":158,"column":4},"end":{"line":163,"column":6}},"88":{"start":{"line":168,"column":4},"end":{"line":168,"column":46}},"89":{"start":{"line":168,"column":36},"end":{"line":168,"column":46}},"90":{"start":{"line":169,"column":21},"end":{"line":169,"column":23}},"91":{"start":{"line":171,"column":4},"end":{"line":214,"column":7}},"92":{"start":{"line":172,"column":8},"end":{"line":213,"column":9}},"93":{"start":{"line":173,"column":12},"end":{"line":212,"column":15}},"94":{"start":{"line":174,"column":34},"end":{"line":174,"column":66}},"95":{"start":{"line":185,"column":37},"end":{"line":185,"column":38}},"96":{"start":{"line":186,"column":16},"end":{"line":191,"column":17}},"97":{"start":{"line":187,"column":41},"end":{"line":187,"column":81}},"98":{"start":{"line":188,"column":20},"end":{"line":190,"column":21}},"99":{"start":{"line":189,"column":24},"end":{"line":189,"column":71}},"100":{"start":{"line":192,"column":16},"end":{"line":192,"column":60}},"101":{"start":{"line":192,"column":41},"end":{"line":192,"column":60}},"102":{"start":{"line":194,"column":42},"end":{"line":194,"column":77}},"103":{"start":{"line":195,"column":38},"end":{"line":195,"column":65}},"104":{"start":{"line":198,"column":28},"end":{"line":198,"column":107}},"105":{"start":{"line":200,"column":16},"end":{"line":211,"column":17}},"106":{"start":{"line":201,"column":20},"end":{"line":201,"column":60}},"107":{"start":{"line":202,"column":20},"end":{"line":202,"column":50}},"108":{"start":{"line":204,"column":20},"end":{"line":210,"column":22}},"109":{"start":{"line":216,"column":33},"end":{"line":216,"column":96}},"110":{"start":{"line":216,"column":64},"end":{"line":216,"column":94}},"111":{"start":{"line":219,"column":36},"end":{"line":219,"column":38}},"112":{"start":{"line":221,"column":4},"end":{"line":259,"column":7}},"113":{"start":{"line":222,"column":27},"end":{"line":222,"column":38}},"114":{"start":{"line":223,"column":33},"end":{"line":223,"column":34}},"115":{"start":{"line":225,"column":8},"end":{"line":241,"column":9}},"116":{"start":{"line":226,"column":12},"end":{"line":240,"column":13}},"117":{"start":{"line":227,"column":16},"end":{"line":239,"column":17}},"118":{"start":{"line":228,"column":20},"end":{"line":238,"column":21}},"119":{"start":{"line":229,"column":47},"end":{"line":229,"column":71}},"120":{"start":{"line":230,"column":45},"end":{"line":230,"column":67}},"121":{"start":{"line":232,"column":24},"end":{"line":237,"column":25}},"122":{"start":{"line":233,"column":28},"end":{"line":236,"column":29}},"123":{"start":{"line":234,"column":32},"end":{"line":234,"column":75}},"124":{"start":{"line":235,"column":32},"end":{"line":235,"column":61}},"125":{"start":{"line":245,"column":8},"end":{"line":250,"column":9}},"126":{"start":{"line":246,"column":12},"end":{"line":249,"column":14}},"127":{"start":{"line":251,"column":8},"end":{"line":258,"column":11}},"128":{"start":{"line":261,"column":30},"end":{"line":261,"column":68}},"129":{"start":{"line":264,"column":4},"end":{"line":264,"column":83}},"130":{"start":{"line":264,"column":37},"end":{"line":264,"column":81}},"131":{"start":{"line":267,"column":4},"end":{"line":274,"column":7}},"132":{"start":{"line":268,"column":8},"end":{"line":273,"column":11}},"133":{"start":{"line":269,"column":12},"end":{"line":271,"column":13}},"134":{"start":{"line":270,"column":16},"end":{"line":270,"column":52}},"135":{"start":{"line":272,"column":12},"end":{"line":272,"column":47}},"136":{"start":{"line":276,"column":4},"end":{"line":276,"column":29}},"137":{"start":{"line":280,"column":4},"end":{"line":280,"column":58}},"138":{"start":{"line":280,"column":48},"end":{"line":280,"column":58}},"139":{"start":{"line":281,"column":4},"end":{"line":281,"column":178}},"140":{"start":{"line":283,"column":31},"end":{"line":283,"column":94}},"141":{"start":{"line":283,"column":62},"end":{"line":283,"column":92}},"142":{"start":{"line":285,"column":27},"end":{"line":315,"column":60}},"143":{"start":{"line":286,"column":8},"end":{"line":286,"column":133}},"144":{"start":{"line":286,"column":68},"end":{"line":286,"column":133}},"145":{"start":{"line":288,"column":25},"end":{"line":288,"column":26}},"146":{"start":{"line":289,"column":24},"end":{"line":289,"column":26}},"147":{"start":{"line":292,"column":8},"end":{"line":311,"column":11}},"148":{"start":{"line":297,"column":35},"end":{"line":297,"column":58}},"149":{"start":{"line":298,"column":32},"end":{"line":298,"column":37}},"150":{"start":{"line":299,"column":12},"end":{"line":304,"column":13}},"151":{"start":{"line":300,"column":16},"end":{"line":303,"column":17}},"152":{"start":{"line":301,"column":20},"end":{"line":301,"column":41}},"153":{"start":{"line":302,"column":20},"end":{"line":302,"column":26}},"154":{"start":{"line":306,"column":12},"end":{"line":310,"column":13}},"155":{"start":{"line":307,"column":16},"end":{"line":307,"column":29}},"156":{"start":{"line":309,"column":16},"end":{"line":309,"column":40}},"157":{"start":{"line":313,"column":32},"end":{"line":313,"column":110}},"158":{"start":{"line":314,"column":8},"end":{"line":314,"column":92}},"159":{"start":{"line":315,"column":24},"end":{"line":315,"column":59}},"160":{"start":{"line":317,"column":4},"end":{"line":320,"column":7}},"161":{"start":{"line":318,"column":8},"end":{"line":318,"column":98}},"162":{"start":{"line":318,"column":53},"end":{"line":318,"column":98}},"163":{"start":{"line":319,"column":8},"end":{"line":319,"column":73}},"164":{"start":{"line":321,"column":4},"end":{"line":321,"column":39}},"165":{"start":{"line":325,"column":0},"end":{"line":332,"column":1}},"166":{"start":{"line":326,"column":4},"end":{"line":331,"column":6}}},"fnMap":{"0":{"name":"generateWeeklyPlan","decl":{"start":{"line":1,"column":9},"end":{"line":1,"column":27}},"loc":{"start":{"line":1,"column":47},"end":{"line":48,"column":1}},"line":1},"1":{"name":"(anonymous_1)","decl":{"start":{"line":6,"column":35},"end":{"line":6,"column":36}},"loc":{"start":{"line":6,"column":40},"end":{"line":6,"column":74}},"line":6},"2":{"name":"(anonymous_2)","decl":{"start":{"line":8,"column":35},"end":{"line":8,"column":36}},"loc":{"start":{"line":8,"column":40},"end":{"line":8,"column":110}},"line":8},"3":{"name":"(anonymous_3)","decl":{"start":{"line":15,"column":35},"end":{"line":15,"column":36}},"loc":{"start":{"line":15,"column":40},"end":{"line":15,"column":136}},"line":15},"4":{"name":"(anonymous_4)","decl":{"start":{"line":16,"column":27},"end":{"line":16,"column":28}},"loc":{"start":{"line":16,"column":32},"end":{"line":16,"column":71}},"line":16},"5":{"name":"(anonymous_5)","decl":{"start":{"line":21,"column":50},"end":{"line":21,"column":51}},"loc":{"start":{"line":21,"column":55},"end":{"line":21,"column":91}},"line":21},"6":{"name":"(anonymous_6)","decl":{"start":{"line":22,"column":58},"end":{"line":22,"column":59}},"loc":{"start":{"line":22,"column":63},"end":{"line":22,"column":101}},"line":22},"7":{"name":"(anonymous_7)","decl":{"start":{"line":23,"column":57},"end":{"line":23,"column":58}},"loc":{"start":{"line":23,"column":62},"end":{"line":23,"column":106}},"line":23},"8":{"name":"(anonymous_8)","decl":{"start":{"line":24,"column":77},"end":{"line":24,"column":78}},"loc":{"start":{"line":24,"column":82},"end":{"line":24,"column":122}},"line":24},"9":{"name":"(anonymous_9)","decl":{"start":{"line":31,"column":47},"end":{"line":31,"column":48}},"loc":{"start":{"line":31,"column":53},"end":{"line":31,"column":72}},"line":31},"10":{"name":"parseIngredientString","decl":{"start":{"line":51,"column":9},"end":{"line":51,"column":30}},"loc":{"start":{"line":51,"column":42},"end":{"line":164,"column":1}},"line":51},"11":{"name":"generateShoppingList","decl":{"start":{"line":167,"column":9},"end":{"line":167,"column":29}},"loc":{"start":{"line":167,"column":79},"end":{"line":277,"column":1}},"line":167},"12":{"name":"(anonymous_12)","decl":{"start":{"line":171,"column":17},"end":{"line":171,"column":18}},"loc":{"start":{"line":171,"column":24},"end":{"line":214,"column":5}},"line":171},"13":{"name":"(anonymous_13)","decl":{"start":{"line":173,"column":45},"end":{"line":173,"column":46}},"loc":{"start":{"line":173,"column":58},"end":{"line":212,"column":13}},"line":173},"14":{"name":"(anonymous_14)","decl":{"start":{"line":216,"column":56},"end":{"line":216,"column":57}},"loc":{"start":{"line":216,"column":64},"end":{"line":216,"column":94}},"line":216},"15":{"name":"(anonymous_15)","decl":{"start":{"line":221,"column":36},"end":{"line":221,"column":37}},"loc":{"start":{"line":221,"column":43},"end":{"line":259,"column":5}},"line":221},"16":{"name":"(anonymous_16)","decl":{"start":{"line":264,"column":27},"end":{"line":264,"column":28}},"loc":{"start":{"line":264,"column":37},"end":{"line":264,"column":81}},"line":264},"17":{"name":"(anonymous_17)","decl":{"start":{"line":267,"column":30},"end":{"line":267,"column":31}},"loc":{"start":{"line":267,"column":42},"end":{"line":274,"column":5}},"line":267},"18":{"name":"(anonymous_18)","decl":{"start":{"line":268,"column":28},"end":{"line":268,"column":29}},"loc":{"start":{"line":268,"column":38},"end":{"line":273,"column":9}},"line":268},"19":{"name":"findAlmostCompleteRecipes","decl":{"start":{"line":279,"column":9},"end":{"line":279,"column":34}},"loc":{"start":{"line":279,"column":77},"end":{"line":322,"column":1}},"line":279},"20":{"name":"(anonymous_20)","decl":{"start":{"line":283,"column":54},"end":{"line":283,"column":55}},"loc":{"start":{"line":283,"column":62},"end":{"line":283,"column":92}},"line":283},"21":{"name":"(anonymous_21)","decl":{"start":{"line":285,"column":42},"end":{"line":285,"column":43}},"loc":{"start":{"line":285,"column":52},"end":{"line":315,"column":5}},"line":285},"22":{"name":"(anonymous_22)","decl":{"start":{"line":292,"column":35},"end":{"line":292,"column":36}},"loc":{"start":{"line":292,"column":48},"end":{"line":311,"column":9}},"line":292},"23":{"name":"(anonymous_23)","decl":{"start":{"line":315,"column":14},"end":{"line":315,"column":15}},"loc":{"start":{"line":315,"column":24},"end":{"line":315,"column":59}},"line":315},"24":{"name":"(anonymous_24)","decl":{"start":{"line":317,"column":24},"end":{"line":317,"column":25}},"loc":{"start":{"line":317,"column":34},"end":{"line":320,"column":5}},"line":317}},"branchMap":{"0":{"loc":{"start":{"line":5,"column":4},"end":{"line":9,"column":5}},"type":"if","locations":[{"start":{"line":5,"column":4},"end":{"line":9,"column":5}},{"start":{"line":7,"column":11},"end":{"line":9,"column":5}}],"line":5},"1":{"loc":{"start":{"line":6,"column":40},"end":{"line":6,"column":74}},"type":"binary-expr","locations":[{"start":{"line":6,"column":40},"end":{"line":6,"column":46}},{"start":{"line":6,"column":50},"end":{"line":6,"column":74}}],"line":6},"2":{"loc":{"start":{"line":7,"column":11},"end":{"line":9,"column":5}},"type":"if","locations":[{"start":{"line":7,"column":11},"end":{"line":9,"column":5}},{"start":{},"end":{}}],"line":7},"3":{"loc":{"start":{"line":8,"column":40},"end":{"line":8,"column":110}},"type":"binary-expr","locations":[{"start":{"line":8,"column":40},"end":{"line":8,"column":46}},{"start":{"line":8,"column":51},"end":{"line":8,"column":81}},{"start":{"line":8,"column":85},"end":{"line":8,"column":109}}],"line":8},"4":{"loc":{"start":{"line":14,"column":4},"end":{"line":19,"column":5}},"type":"if","locations":[{"start":{"line":14,"column":4},"end":{"line":19,"column":5}},{"start":{},"end":{}}],"line":14},"5":{"loc":{"start":{"line":15,"column":40},"end":{"line":15,"column":136}},"type":"binary-expr","locations":[{"start":{"line":15,"column":40},"end":{"line":15,"column":79}},{"start":{"line":15,"column":83},"end":{"line":15,"column":136}}],"line":15},"6":{"loc":{"start":{"line":16,"column":8},"end":{"line":18,"column":9}},"type":"if","locations":[{"start":{"line":16,"column":8},"end":{"line":18,"column":9}},{"start":{},"end":{}}],"line":16},"7":{"loc":{"start":{"line":21,"column":4},"end":{"line":21,"column":93}},"type":"if","locations":[{"start":{"line":21,"column":4},"end":{"line":21,"column":93}},{"start":{},"end":{}}],"line":21},"8":{"loc":{"start":{"line":21,"column":55},"end":{"line":21,"column":91}},"type":"binary-expr","locations":[{"start":{"line":21,"column":55},"end":{"line":21,"column":61}},{"start":{"line":21,"column":65},"end":{"line":21,"column":91}}],"line":21},"9":{"loc":{"start":{"line":22,"column":4},"end":{"line":22,"column":103}},"type":"if","locations":[{"start":{"line":22,"column":4},"end":{"line":22,"column":103}},{"start":{},"end":{}}],"line":22},"10":{"loc":{"start":{"line":22,"column":63},"end":{"line":22,"column":101}},"type":"binary-expr","locations":[{"start":{"line":22,"column":63},"end":{"line":22,"column":69}},{"start":{"line":22,"column":73},"end":{"line":22,"column":101}}],"line":22},"11":{"loc":{"start":{"line":23,"column":4},"end":{"line":23,"column":108}},"type":"if","locations":[{"start":{"line":23,"column":4},"end":{"line":23,"column":108}},{"start":{},"end":{}}],"line":23},"12":{"loc":{"start":{"line":23,"column":62},"end":{"line":23,"column":106}},"type":"binary-expr","locations":[{"start":{"line":23,"column":62},"end":{"line":23,"column":68}},{"start":{"line":23,"column":72},"end":{"line":23,"column":106}}],"line":23},"13":{"loc":{"start":{"line":24,"column":4},"end":{"line":24,"column":124}},"type":"if","locations":[{"start":{"line":24,"column":4},"end":{"line":24,"column":124}},{"start":{},"end":{}}],"line":24},"14":{"loc":{"start":{"line":24,"column":8},"end":{"line":24,"column":48}},"type":"binary-expr","locations":[{"start":{"line":24,"column":8},"end":{"line":24,"column":21}},{"start":{"line":24,"column":25},"end":{"line":24,"column":48}}],"line":24},"15":{"loc":{"start":{"line":24,"column":82},"end":{"line":24,"column":122}},"type":"binary-expr","locations":[{"start":{"line":24,"column":82},"end":{"line":24,"column":88}},{"start":{"line":24,"column":92},"end":{"line":24,"column":122}}],"line":24},"16":{"loc":{"start":{"line":26,"column":4},"end":{"line":29,"column":5}},"type":"if","locations":[{"start":{"line":26,"column":4},"end":{"line":29,"column":5}},{"start":{},"end":{}}],"line":26},"17":{"loc":{"start":{"line":39,"column":8},"end":{"line":45,"column":9}},"type":"if","locations":[{"start":{"line":39,"column":8},"end":{"line":45,"column":9}},{"start":{},"end":{}}],"line":39},"18":{"loc":{"start":{"line":39,"column":12},"end":{"line":39,"column":60}},"type":"binary-expr","locations":[{"start":{"line":39,"column":12},"end":{"line":39,"column":32}},{"start":{"line":39,"column":36},"end":{"line":39,"column":60}}],"line":39},"19":{"loc":{"start":{"line":81,"column":4},"end":{"line":130,"column":5}},"type":"if","locations":[{"start":{"line":81,"column":4},"end":{"line":130,"column":5}},{"start":{"line":120,"column":11},"end":{"line":130,"column":5}}],"line":81},"20":{"loc":{"start":{"line":86,"column":8},"end":{"line":119,"column":9}},"type":"if","locations":[{"start":{"line":86,"column":8},"end":{"line":119,"column":9}},{"start":{"line":101,"column":15},"end":{"line":119,"column":9}}],"line":86},"21":{"loc":{"start":{"line":88,"column":12},"end":{"line":100,"column":13}},"type":"if","locations":[{"start":{"line":88,"column":12},"end":{"line":100,"column":13}},{"start":{"line":97,"column":19},"end":{"line":100,"column":13}}],"line":88},"22":{"loc":{"start":{"line":90,"column":16},"end":{"line":96,"column":17}},"type":"if","locations":[{"start":{"line":90,"column":16},"end":{"line":96,"column":17}},{"start":{"line":93,"column":23},"end":{"line":96,"column":17}}],"line":90},"23":{"loc":{"start":{"line":101,"column":15},"end":{"line":119,"column":9}},"type":"if","locations":[{"start":{"line":101,"column":15},"end":{"line":119,"column":9}},{"start":{"line":109,"column":15},"end":{"line":119,"column":9}}],"line":101},"24":{"loc":{"start":{"line":103,"column":12},"end":{"line":108,"column":13}},"type":"if","locations":[{"start":{"line":103,"column":12},"end":{"line":108,"column":13}},{"start":{"line":106,"column":19},"end":{"line":108,"column":13}}],"line":103},"25":{"loc":{"start":{"line":112,"column":12},"end":{"line":117,"column":13}},"type":"if","locations":[{"start":{"line":112,"column":12},"end":{"line":117,"column":13}},{"start":{"line":115,"column":19},"end":{"line":117,"column":13}}],"line":112},"26":{"loc":{"start":{"line":115,"column":19},"end":{"line":117,"column":13}},"type":"if","locations":[{"start":{"line":115,"column":19},"end":{"line":117,"column":13}},{"start":{},"end":{}}],"line":115},"27":{"loc":{"start":{"line":115,"column":23},"end":{"line":115,"column":101}},"type":"binary-expr","locations":[{"start":{"line":115,"column":23},"end":{"line":115,"column":43}},{"start":{"line":115,"column":47},"end":{"line":115,"column":70}},{"start":{"line":115,"column":74},"end":{"line":115,"column":101}}],"line":115},"28":{"loc":{"start":{"line":124,"column":8},"end":{"line":129,"column":9}},"type":"if","locations":[{"start":{"line":124,"column":8},"end":{"line":129,"column":9}},{"start":{"line":126,"column":15},"end":{"line":129,"column":9}}],"line":124},"29":{"loc":{"start":{"line":124,"column":12},"end":{"line":124,"column":90}},"type":"binary-expr","locations":[{"start":{"line":124,"column":12},"end":{"line":124,"column":32}},{"start":{"line":124,"column":36},"end":{"line":124,"column":59}},{"start":{"line":124,"column":63},"end":{"line":124,"column":90}}],"line":124},"30":{"loc":{"start":{"line":126,"column":15},"end":{"line":129,"column":9}},"type":"if","locations":[{"start":{"line":126,"column":15},"end":{"line":129,"column":9}},{"start":{},"end":{}}],"line":126},"31":{"loc":{"start":{"line":133,"column":4},"end":{"line":135,"column":5}},"type":"if","locations":[{"start":{"line":133,"column":4},"end":{"line":135,"column":5}},{"start":{},"end":{}}],"line":133},"32":{"loc":{"start":{"line":133,"column":8},"end":{"line":133,"column":112}},"type":"binary-expr","locations":[{"start":{"line":133,"column":8},"end":{"line":133,"column":22}},{"start":{"line":133,"column":26},"end":{"line":133,"column":41}},{"start":{"line":133,"column":46},"end":{"line":133,"column":75}},{"start":{"line":133,"column":79},"end":{"line":133,"column":111}}],"line":133},"33":{"loc":{"start":{"line":141,"column":4},"end":{"line":148,"column":5}},"type":"if","locations":[{"start":{"line":141,"column":4},"end":{"line":148,"column":5}},{"start":{},"end":{}}],"line":141},"34":{"loc":{"start":{"line":141,"column":8},"end":{"line":141,"column":58}},"type":"binary-expr","locations":[{"start":{"line":141,"column":8},"end":{"line":141,"column":19}},{"start":{"line":141,"column":23},"end":{"line":141,"column":39}},{"start":{"line":141,"column":43},"end":{"line":141,"column":58}}],"line":141},"35":{"loc":{"start":{"line":145,"column":9},"end":{"line":147,"column":10}},"type":"if","locations":[{"start":{"line":145,"column":9},"end":{"line":147,"column":10}},{"start":{},"end":{}}],"line":145},"36":{"loc":{"start":{"line":145,"column":13},"end":{"line":145,"column":47}},"type":"binary-expr","locations":[{"start":{"line":145,"column":13},"end":{"line":145,"column":19}},{"start":{"line":145,"column":24},"end":{"line":145,"column":33}},{"start":{"line":145,"column":37},"end":{"line":145,"column":46}}],"line":145},"37":{"loc":{"start":{"line":167,"column":48},"end":{"line":167,"column":59}},"type":"default-arg","locations":[{"start":{"line":167,"column":58},"end":{"line":167,"column":59}}],"line":167},"38":{"loc":{"start":{"line":168,"column":4},"end":{"line":168,"column":46}},"type":"if","locations":[{"start":{"line":168,"column":4},"end":{"line":168,"column":46}},{"start":{},"end":{}}],"line":168},"39":{"loc":{"start":{"line":168,"column":8},"end":{"line":168,"column":34}},"type":"binary-expr","locations":[{"start":{"line":168,"column":8},"end":{"line":168,"column":13}},{"start":{"line":168,"column":17},"end":{"line":168,"column":34}}],"line":168},"40":{"loc":{"start":{"line":172,"column":8},"end":{"line":213,"column":9}},"type":"if","locations":[{"start":{"line":172,"column":8},"end":{"line":213,"column":9}},{"start":{},"end":{}}],"line":172},"41":{"loc":{"start":{"line":172,"column":12},"end":{"line":172,"column":52}},"type":"binary-expr","locations":[{"start":{"line":172,"column":12},"end":{"line":172,"column":24}},{"start":{"line":172,"column":28},"end":{"line":172,"column":52}}],"line":172},"42":{"loc":{"start":{"line":186,"column":16},"end":{"line":191,"column":17}},"type":"if","locations":[{"start":{"line":186,"column":16},"end":{"line":191,"column":17}},{"start":{},"end":{}}],"line":186},"43":{"loc":{"start":{"line":188,"column":20},"end":{"line":190,"column":21}},"type":"if","locations":[{"start":{"line":188,"column":20},"end":{"line":190,"column":21}},{"start":{},"end":{}}],"line":188},"44":{"loc":{"start":{"line":188,"column":24},"end":{"line":188,"column":55}},"type":"binary-expr","locations":[{"start":{"line":188,"column":24},"end":{"line":188,"column":36}},{"start":{"line":188,"column":40},"end":{"line":188,"column":55}}],"line":188},"45":{"loc":{"start":{"line":192,"column":16},"end":{"line":192,"column":60}},"type":"if","locations":[{"start":{"line":192,"column":16},"end":{"line":192,"column":60}},{"start":{},"end":{}}],"line":192},"46":{"loc":{"start":{"line":200,"column":16},"end":{"line":211,"column":17}},"type":"if","locations":[{"start":{"line":200,"column":16},"end":{"line":211,"column":17}},{"start":{"line":203,"column":23},"end":{"line":211,"column":17}}],"line":200},"47":{"loc":{"start":{"line":225,"column":8},"end":{"line":241,"column":9}},"type":"if","locations":[{"start":{"line":225,"column":8},"end":{"line":241,"column":9}},{"start":{},"end":{}}],"line":225},"48":{"loc":{"start":{"line":227,"column":16},"end":{"line":239,"column":17}},"type":"if","locations":[{"start":{"line":227,"column":16},"end":{"line":239,"column":17}},{"start":{},"end":{}}],"line":227},"49":{"loc":{"start":{"line":232,"column":24},"end":{"line":237,"column":25}},"type":"if","locations":[{"start":{"line":232,"column":24},"end":{"line":237,"column":25}},{"start":{},"end":{}}],"line":232},"50":{"loc":{"start":{"line":233,"column":28},"end":{"line":236,"column":29}},"type":"if","locations":[{"start":{"line":233,"column":28},"end":{"line":236,"column":29}},{"start":{},"end":{}}],"line":233},"51":{"loc":{"start":{"line":245,"column":8},"end":{"line":250,"column":9}},"type":"if","locations":[{"start":{"line":245,"column":8},"end":{"line":250,"column":9}},{"start":{},"end":{}}],"line":245},"52":{"loc":{"start":{"line":269,"column":12},"end":{"line":271,"column":13}},"type":"if","locations":[{"start":{"line":269,"column":12},"end":{"line":271,"column":13}},{"start":{},"end":{}}],"line":269},"53":{"loc":{"start":{"line":279,"column":59},"end":{"line":279,"column":75}},"type":"default-arg","locations":[{"start":{"line":279,"column":71},"end":{"line":279,"column":75}}],"line":279},"54":{"loc":{"start":{"line":280,"column":4},"end":{"line":280,"column":58}},"type":"if","locations":[{"start":{"line":280,"column":4},"end":{"line":280,"column":58}},{"start":{},"end":{}}],"line":280},"55":{"loc":{"start":{"line":280,"column":8},"end":{"line":280,"column":46}},"type":"binary-expr","locations":[{"start":{"line":280,"column":8},"end":{"line":280,"column":19}},{"start":{"line":280,"column":23},"end":{"line":280,"column":46}}],"line":280},"56":{"loc":{"start":{"line":286,"column":8},"end":{"line":286,"column":133}},"type":"if","locations":[{"start":{"line":286,"column":8},"end":{"line":286,"column":133}},{"start":{},"end":{}}],"line":286},"57":{"loc":{"start":{"line":286,"column":12},"end":{"line":286,"column":66}},"type":"binary-expr","locations":[{"start":{"line":286,"column":12},"end":{"line":286,"column":31}},{"start":{"line":286,"column":35},"end":{"line":286,"column":66}}],"line":286},"58":{"loc":{"start":{"line":300,"column":16},"end":{"line":303,"column":17}},"type":"if","locations":[{"start":{"line":300,"column":16},"end":{"line":303,"column":17}},{"start":{},"end":{}}],"line":300},"59":{"loc":{"start":{"line":306,"column":12},"end":{"line":310,"column":13}},"type":"if","locations":[{"start":{"line":306,"column":12},"end":{"line":310,"column":13}},{"start":{"line":308,"column":19},"end":{"line":310,"column":13}}],"line":306},"60":{"loc":{"start":{"line":313,"column":32},"end":{"line":313,"column":110}},"type":"cond-expr","locations":[{"start":{"line":313,"column":67},"end":{"line":313,"column":105}},{"start":{"line":313,"column":109},"end":{"line":313,"column":110}}],"line":313},"61":{"loc":{"start":{"line":318,"column":8},"end":{"line":318,"column":98}},"type":"if","locations":[{"start":{"line":318,"column":8},"end":{"line":318,"column":98}},{"start":{},"end":{}}],"line":318},"62":{"loc":{"start":{"line":325,"column":0},"end":{"line":332,"column":1}},"type":"if","locations":[{"start":{"line":325,"column":0},"end":{"line":332,"column":1}},{"start":{},"end":{}}],"line":325},"63":{"loc":{"start":{"line":325,"column":4},"end":{"line":325,"column":51}},"type":"binary-expr","locations":[{"start":{"line":325,"column":4},"end":{"line":325,"column":33}},{"start":{"line":325,"column":37},"end":{"line":325,"column":51}}],"line":325}},"s":{"0":10,"1":10,"2":2,"3":20,"4":8,"5":1,"6":16,"7":10,"8":3,"9":36,"10":3,"11":1,"12":2,"13":10,"14":1,"15":16,"16":10,"17":0,"18":0,"19":10,"20":0,"21":0,"22":10,"23":1,"24":16,"25":10,"26":2,"27":2,"28":8,"29":83,"30":8,"31":8,"32":8,"33":8,"34":8,"35":8,"36":20,"37":20,"38":8,"39":75,"40":75,"41":75,"42":75,"43":75,"44":75,"45":75,"46":75,"47":75,"48":75,"49":75,"50":75,"51":75,"52":52,"53":52,"54":42,"55":42,"56":41,"57":41,"58":1,"59":1,"60":10,"61":10,"62":23,"63":9,"64":9,"65":5,"66":5,"67":4,"68":14,"69":14,"70":14,"71":1,"72":1,"73":13,"74":10,"75":0,"76":0,"77":0,"78":0,"79":0,"80":0,"81":0,"82":75,"83":0,"84":75,"85":1,"86":0,"87":75,"88":8,"89":2,"90":6,"91":6,"92":10,"93":9,"94":32,"95":32,"96":32,"97":31,"98":31,"99":31,"100":32,"101":1,"102":32,"103":32,"104":32,"105":32,"106":2,"107":2,"108":30,"109":6,"110":1,"111":6,"112":6,"113":30,"114":30,"115":30,"116":30,"117":90,"118":90,"119":210,"120":210,"121":210,"122":11,"123":11,"124":11,"125":30,"126":11,"127":30,"128":6,"129":6,"130":5,"131":6,"132":11,"133":37,"134":36,"135":1,"136":6,"137":9,"138":2,"139":7,"140":7,"141":14,"142":7,"143":37,"144":7,"145":30,"146":30,"147":30,"148":131,"149":131,"150":131,"151":227,"152":36,"153":36,"154":131,"155":36,"156":95,"157":30,"158":30,"159":37,"160":7,"161":19,"162":9,"163":10,"164":7,"165":1,"166":1},"f":{"0":10,"1":20,"2":16,"3":36,"4":1,"5":16,"6":0,"7":0,"8":16,"9":83,"10":75,"11":8,"12":10,"13":32,"14":1,"15":30,"16":5,"17":11,"18":37,"19":9,"20":14,"21":37,"22":131,"23":37,"24":19},"b":{"0":[2,8],"1":[20,18],"2":[1,7],"3":[16,16,12],"4":[3,7],"5":[36,32],"6":[2,1],"7":[1,9],"8":[16,16],"9":[0,10],"10":[0,0],"11":[0,10],"12":[0,0],"13":[1,9],"14":[10,2],"15":[16,16],"16":[2,8],"17":[20,0],"18":[20,20],"19":[75,0],"20":[52,23],"21":[42,10],"22":[41,1],"23":[9,14],"24":[5,4],"25":[1,13],"26":[10,3],"27":[13,7,3],"28":[0,0],"29":[0,0,0],"30":[0,0],"31":[0,75],"32":[75,54,16,16],"33":[1,74],"34":[75,4,2],"35":[0,1],"36":[1,1,0],"37":[0],"38":[2,6],"39":[8,7],"40":[9,1],"41":[10,9],"42":[31,1],"43":[31,0],"44":[31,31],"45":[1,31],"46":[2,30],"47":[30,0],"48":[90,0],"49":[11,199],"50":[11,0],"51":[11,19],"52":[36,1],"53":[2],"54":[2,7],"55":[9,8],"56":[7,30],"57":[37,37],"58":[36,191],"59":[36,95],"60":[30,0],"61":[9,10],"62":[1,0],"63":[1,1]},"_coverageSchema":"1a1c01bbd47fc00a2c39e90264f33305004495a9","hash":"41226e789bc85f2a90f457c453a98f54285a0f3e"}
}
