{"/app/js/ingredientMatcher.js": {"path":"/app/js/ingredientMatcher.js","statementMap":{"0":{"start":{"line":3,"column":29},"end":{"line":44,"column":1}},"1":{"start":{"line":47,"column":30},"end":{"line":55,"column":1}},"2":{"start":{"line":59,"column":40},"end":{"line":86,"column":1}},"3":{"start":{"line":88,"column":28},"end":{"line":466,"column":1}},"4":{"start":{"line":469,"column":4},"end":{"line":469,"column":50}},"5":{"start":{"line":469,"column":40},"end":{"line":469,"column":50}},"6":{"start":{"line":470,"column":22},"end":{"line":470,"column":53}},"7":{"start":{"line":471,"column":4},"end":{"line":471,"column":57}},"8":{"start":{"line":475,"column":4},"end":{"line":475,"column":50}},"9":{"start":{"line":475,"column":40},"end":{"line":475,"column":50}},"10":{"start":{"line":476,"column":20},"end":{"line":476,"column":51}},"11":{"start":{"line":481,"column":4},"end":{"line":481,"column":63}},"12":{"start":{"line":485,"column":29},"end":{"line":485,"column":76}},"13":{"start":{"line":486,"column":4},"end":{"line":490,"column":5}},"14":{"start":{"line":487,"column":8},"end":{"line":489,"column":9}},"15":{"start":{"line":488,"column":12},"end":{"line":488,"column":66}},"16":{"start":{"line":497,"column":4},"end":{"line":499,"column":5}},"17":{"start":{"line":498,"column":8},"end":{"line":498,"column":46}},"18":{"start":{"line":502,"column":4},"end":{"line":511,"column":5}},"19":{"start":{"line":503,"column":8},"end":{"line":510,"column":9}},"20":{"start":{"line":505,"column":26},"end":{"line":505,"column":52}},"21":{"start":{"line":506,"column":12},"end":{"line":509,"column":13}},"22":{"start":{"line":508,"column":16},"end":{"line":508,"column":48}},"23":{"start":{"line":515,"column":4},"end":{"line":521,"column":5}},"24":{"start":{"line":516,"column":32},"end":{"line":516,"column":54}},"25":{"start":{"line":517,"column":8},"end":{"line":519,"column":9}},"26":{"start":{"line":518,"column":12},"end":{"line":518,"column":56}},"27":{"start":{"line":524,"column":4},"end":{"line":524,"column":66}},"28":{"start":{"line":529,"column":27},"end":{"line":529,"column":80}},"29":{"start":{"line":530,"column":25},"end":{"line":530,"column":44}},"30":{"start":{"line":533,"column":4},"end":{"line":542,"column":5}},"31":{"start":{"line":534,"column":28},"end":{"line":534,"column":89}},"32":{"start":{"line":535,"column":27},"end":{"line":535,"column":54}},"33":{"start":{"line":536,"column":23},"end":{"line":536,"column":46}},"34":{"start":{"line":537,"column":8},"end":{"line":541,"column":10}},"35":{"start":{"line":545,"column":4},"end":{"line":564,"column":5}},"36":{"start":{"line":546,"column":37},"end":{"line":551,"column":9}},"37":{"start":{"line":553,"column":25},"end":{"line":553,"column":59}},"38":{"start":{"line":556,"column":8},"end":{"line":563,"column":9}},"39":{"start":{"line":557,"column":27},"end":{"line":557,"column":74}},"40":{"start":{"line":558,"column":12},"end":{"line":562,"column":14}},"41":{"start":{"line":566,"column":4},"end":{"line":570,"column":6}},"42":{"start":{"line":577,"column":0},"end":{"line":587,"column":1}},"43":{"start":{"line":578,"column":4},"end":{"line":586,"column":6}},"44":{"start":{"line":588,"column":0},"end":{"line":588,"column":43}}},"fnMap":{"0":{"name":"normalizeUnit","decl":{"start":{"line":468,"column":9},"end":{"line":468,"column":22}},"loc":{"start":{"line":468,"column":35},"end":{"line":472,"column":1}},"line":468},"1":{"name":"normalizeIngredientName","decl":{"start":{"line":474,"column":9},"end":{"line":474,"column":32}},"loc":{"start":{"line":474,"column":45},"end":{"line":525,"column":1}},"line":474},"2":{"name":"convertToBaseUnit","decl":{"start":{"line":528,"column":9},"end":{"line":528,"column":26}},"loc":{"start":{"line":528,"column":59},"end":{"line":571,"column":1}},"line":528}},"branchMap":{"0":{"loc":{"start":{"line":469,"column":4},"end":{"line":469,"column":50}},"type":"if","locations":[{"start":{"line":469,"column":4},"end":{"line":469,"column":50}},{"start":{},"end":{}}],"line":469},"1":{"loc":{"start":{"line":471,"column":11},"end":{"line":471,"column":56}},"type":"binary-expr","locations":[{"start":{"line":471,"column":11},"end":{"line":471,"column":42}},{"start":{"line":471,"column":46},"end":{"line":471,"column":56}}],"line":471},"2":{"loc":{"start":{"line":475,"column":4},"end":{"line":475,"column":50}},"type":"if","locations":[{"start":{"line":475,"column":4},"end":{"line":475,"column":50}},{"start":{},"end":{}}],"line":475},"3":{"loc":{"start":{"line":487,"column":8},"end":{"line":489,"column":9}},"type":"if","locations":[{"start":{"line":487,"column":8},"end":{"line":489,"column":9}},{"start":{},"end":{}}],"line":487},"4":{"loc":{"start":{"line":497,"column":4},"end":{"line":499,"column":5}},"type":"if","locations":[{"start":{"line":497,"column":4},"end":{"line":499,"column":5}},{"start":{},"end":{}}],"line":497},"5":{"loc":{"start":{"line":503,"column":8},"end":{"line":510,"column":9}},"type":"if","locations":[{"start":{"line":503,"column":8},"end":{"line":510,"column":9}},{"start":{},"end":{}}],"line":503},"6":{"loc":{"start":{"line":506,"column":12},"end":{"line":509,"column":13}},"type":"if","locations":[{"start":{"line":506,"column":12},"end":{"line":509,"column":13}},{"start":{},"end":{}}],"line":506},"7":{"loc":{"start":{"line":515,"column":4},"end":{"line":521,"column":5}},"type":"if","locations":[{"start":{"line":515,"column":4},"end":{"line":521,"column":5}},{"start":{},"end":{}}],"line":515},"8":{"loc":{"start":{"line":515,"column":8},"end":{"line":515,"column":85}},"type":"binary-expr","locations":[{"start":{"line":515,"column":8},"end":{"line":515,"column":31}},{"start":{"line":515,"column":35},"end":{"line":515,"column":61}},{"start":{"line":515,"column":65},"end":{"line":515,"column":85}}],"line":515},"9":{"loc":{"start":{"line":517,"column":8},"end":{"line":519,"column":9}},"type":"if","locations":[{"start":{"line":517,"column":8},"end":{"line":519,"column":9}},{"start":{},"end":{}}],"line":517},"10":{"loc":{"start":{"line":533,"column":4},"end":{"line":542,"column":5}},"type":"if","locations":[{"start":{"line":533,"column":4},"end":{"line":542,"column":5}},{"start":{},"end":{}}],"line":533},"11":{"loc":{"start":{"line":533,"column":8},"end":{"line":533,"column":120}},"type":"binary-expr","locations":[{"start":{"line":533,"column":8},"end":{"line":533,"column":55}},{"start":{"line":533,"column":59},"end":{"line":533,"column":120}}],"line":533},"12":{"loc":{"start":{"line":545,"column":4},"end":{"line":564,"column":5}},"type":"if","locations":[{"start":{"line":545,"column":4},"end":{"line":564,"column":5}},{"start":{},"end":{}}],"line":545},"13":{"loc":{"start":{"line":556,"column":8},"end":{"line":563,"column":9}},"type":"if","locations":[{"start":{"line":556,"column":8},"end":{"line":563,"column":9}},{"start":{},"end":{}}],"line":556},"14":{"loc":{"start":{"line":556,"column":12},"end":{"line":556,"column":112}},"type":"binary-expr","locations":[{"start":{"line":556,"column":12},"end":{"line":556,"column":22}},{"start":{"line":556,"column":26},"end":{"line":556,"column":61}},{"start":{"line":556,"column":65},"end":{"line":556,"column":112}}],"line":556},"15":{"loc":{"start":{"line":577,"column":0},"end":{"line":587,"column":1}},"type":"if","locations":[{"start":{"line":577,"column":0},"end":{"line":587,"column":1}},{"start":{},"end":{}}],"line":577},"16":{"loc":{"start":{"line":577,"column":4},"end":{"line":577,"column":51}},"type":"binary-expr","locations":[{"start":{"line":577,"column":4},"end":{"line":577,"column":33}},{"start":{"line":577,"column":37},"end":{"line":577,"column":51}}],"line":577}},"s":{"0":1,"1":1,"2":1,"3":1,"4":127,"5":0,"6":127,"7":127,"8":77,"9":0,"10":77,"11":77,"12":77,"13":77,"14":231,"15":0,"16":77,"17":49,"18":28,"19":9934,"20":3,"21":3,"22":2,"23":26,"24":2,"25":2,"26":0,"27":26,"28":0,"29":0,"30":0,"31":0,"32":0,"33":0,"34":0,"35":0,"36":0,"37":0,"38":0,"39":0,"40":0,"41":0,"42":1,"43":1,"44":1},"f":{"0":127,"1":77,"2":0},"b":{"0":[0,127],"1":[127,35],"2":[0,77],"3":[0,231],"4":[49,28],"5":[3,9931],"6":[2,1],"7":[2,24],"8":[26,2,2],"9":[0,2],"10":[0,0],"11":[0,0],"12":[0,0],"13":[0,0],"14":[0,0,0],"15":[1,0],"16":[1,1]},"_coverageSchema":"1a1c01bbd47fc00a2c39e90264f33305004495a9","hash":"0314b00fbf4eac7c32f56b6a9b02fc6ba03d6b2a"}
,"/app/js/logic.js": {"path":"/app/js/logic.js","statementMap":{"0":{"start":{"line":2,"column":19},"end":{"line":2,"column":34}},"1":{"start":{"line":5,"column":4},"end":{"line":9,"column":5}},"2":{"start":{"line":6,"column":8},"end":{"line":6,"column":76}},"3":{"start":{"line":6,"column":40},"end":{"line":6,"column":74}},"4":{"start":{"line":7,"column":11},"end":{"line":9,"column":5}},"5":{"start":{"line":8,"column":8},"end":{"line":8,"column":112}},"6":{"start":{"line":8,"column":40},"end":{"line":8,"column":110}},"7":{"start":{"line":14,"column":4},"end":{"line":19,"column":5}},"8":{"start":{"line":15,"column":8},"end":{"line":15,"column":138}},"9":{"start":{"line":15,"column":40},"end":{"line":15,"column":136}},"10":{"start":{"line":16,"column":8},"end":{"line":18,"column":9}},"11":{"start":{"line":16,"column":32},"end":{"line":16,"column":71}},"12":{"start":{"line":17,"column":12},"end":{"line":17,"column":165}},"13":{"start":{"line":21,"column":4},"end":{"line":21,"column":93}},"14":{"start":{"line":21,"column":23},"end":{"line":21,"column":93}},"15":{"start":{"line":21,"column":55},"end":{"line":21,"column":91}},"16":{"start":{"line":22,"column":4},"end":{"line":22,"column":103}},"17":{"start":{"line":22,"column":31},"end":{"line":22,"column":103}},"18":{"start":{"line":22,"column":63},"end":{"line":22,"column":101}},"19":{"start":{"line":23,"column":4},"end":{"line":23,"column":108}},"20":{"start":{"line":23,"column":30},"end":{"line":23,"column":108}},"21":{"start":{"line":23,"column":62},"end":{"line":23,"column":106}},"22":{"start":{"line":24,"column":4},"end":{"line":24,"column":124}},"23":{"start":{"line":24,"column":50},"end":{"line":24,"column":124}},"24":{"start":{"line":24,"column":82},"end":{"line":24,"column":122}},"25":{"start":{"line":26,"column":4},"end":{"line":29,"column":5}},"26":{"start":{"line":27,"column":8},"end":{"line":27,"column":170}},"27":{"start":{"line":28,"column":8},"end":{"line":28,"column":18}},"28":{"start":{"line":31,"column":28},"end":{"line":31,"column":73}},"29":{"start":{"line":31,"column":53},"end":{"line":31,"column":72}},"30":{"start":{"line":32,"column":26},"end":{"line":32,"column":54}},"31":{"start":{"line":34,"column":22},"end":{"line":34,"column":24}},"32":{"start":{"line":35,"column":17},"end":{"line":35,"column":98}},"33":{"start":{"line":36,"column":25},"end":{"line":36,"column":84}},"34":{"start":{"line":38,"column":4},"end":{"line":46,"column":5}},"35":{"start":{"line":38,"column":17},"end":{"line":38,"column":18}},"36":{"start":{"line":39,"column":8},"end":{"line":45,"column":9}},"37":{"start":{"line":40,"column":12},"end":{"line":44,"column":15}},"38":{"start":{"line":47,"column":4},"end":{"line":47,"column":21}},"39":{"start":{"line":52,"column":32},"end":{"line":52,"column":41}},"40":{"start":{"line":54,"column":4},"end":{"line":63,"column":5}},"41":{"start":{"line":55,"column":8},"end":{"line":62,"column":10}},"42":{"start":{"line":65,"column":24},"end":{"line":65,"column":40}},"43":{"start":{"line":66,"column":19},"end":{"line":66,"column":20}},"44":{"start":{"line":67,"column":15},"end":{"line":67,"column":17}},"45":{"start":{"line":68,"column":15},"end":{"line":68,"column":28}},"46":{"start":{"line":70,"column":31},"end":{"line":70,"column":93}},"47":{"start":{"line":71,"column":18},"end":{"line":71,"column":57}},"48":{"start":{"line":73,"column":21},"end":{"line":73,"column":23}},"49":{"start":{"line":74,"column":25},"end":{"line":74,"column":38}},"50":{"start":{"line":77,"column":4},"end":{"line":99,"column":5}},"51":{"start":{"line":78,"column":8},"end":{"line":78,"column":27}},"52":{"start":{"line":79,"column":34},"end":{"line":79,"column":42}},"53":{"start":{"line":80,"column":34},"end":{"line":80,"column":42}},"54":{"start":{"line":82,"column":8},"end":{"line":84,"column":9}},"55":{"start":{"line":83,"column":12},"end":{"line":83,"column":61}},"56":{"start":{"line":86,"column":8},"end":{"line":97,"column":9}},"57":{"start":{"line":87,"column":46},"end":{"line":87,"column":78}},"58":{"start":{"line":88,"column":12},"end":{"line":94,"column":13}},"59":{"start":{"line":89,"column":16},"end":{"line":89,"column":55}},"60":{"start":{"line":90,"column":16},"end":{"line":90,"column":58}},"61":{"start":{"line":92,"column":16},"end":{"line":92,"column":32}},"62":{"start":{"line":93,"column":16},"end":{"line":93,"column":86}},"63":{"start":{"line":96,"column":12},"end":{"line":96,"column":54}},"64":{"start":{"line":98,"column":8},"end":{"line":98,"column":30}},"65":{"start":{"line":101,"column":4},"end":{"line":103,"column":5}},"66":{"start":{"line":102,"column":8},"end":{"line":102,"column":24}},"67":{"start":{"line":105,"column":27},"end":{"line":105,"column":52}},"68":{"start":{"line":106,"column":25},"end":{"line":106,"column":54}},"69":{"start":{"line":109,"column":4},"end":{"line":121,"column":5}},"70":{"start":{"line":110,"column":8},"end":{"line":118,"column":9}},"71":{"start":{"line":111,"column":12},"end":{"line":111,"column":39}},"72":{"start":{"line":112,"column":15},"end":{"line":118,"column":9}},"73":{"start":{"line":113,"column":12},"end":{"line":113,"column":82}},"74":{"start":{"line":114,"column":15},"end":{"line":118,"column":9}},"75":{"start":{"line":117,"column":12},"end":{"line":117,"column":38}},"76":{"start":{"line":124,"column":4},"end":{"line":135,"column":5}},"77":{"start":{"line":125,"column":8},"end":{"line":133,"column":9}},"78":{"start":{"line":126,"column":12},"end":{"line":126,"column":38}},"79":{"start":{"line":127,"column":15},"end":{"line":133,"column":9}},"80":{"start":{"line":128,"column":12},"end":{"line":131,"column":13}},"81":{"start":{"line":129,"column":16},"end":{"line":129,"column":43}},"82":{"start":{"line":137,"column":4},"end":{"line":142,"column":5}},"83":{"start":{"line":145,"column":4},"end":{"line":147,"column":5}},"84":{"start":{"line":146,"column":8},"end":{"line":146,"column":21}},"85":{"start":{"line":150,"column":4},"end":{"line":157,"column":6}},"86":{"start":{"line":162,"column":4},"end":{"line":162,"column":46}},"87":{"start":{"line":162,"column":36},"end":{"line":162,"column":46}},"88":{"start":{"line":164,"column":35},"end":{"line":164,"column":37}},"89":{"start":{"line":166,"column":4},"end":{"line":184,"column":7}},"90":{"start":{"line":167,"column":8},"end":{"line":183,"column":9}},"91":{"start":{"line":168,"column":31},"end":{"line":168,"column":73}},"92":{"start":{"line":169,"column":12},"end":{"line":182,"column":15}},"93":{"start":{"line":170,"column":34},"end":{"line":170,"column":66}},"94":{"start":{"line":174,"column":16},"end":{"line":181,"column":19}},"95":{"start":{"line":187,"column":40},"end":{"line":187,"column":42}},"96":{"start":{"line":188,"column":4},"end":{"line":220,"column":7}},"97":{"start":{"line":189,"column":24},"end":{"line":189,"column":60}},"98":{"start":{"line":190,"column":8},"end":{"line":198,"column":9}},"99":{"start":{"line":191,"column":12},"end":{"line":197,"column":14}},"100":{"start":{"line":201,"column":8},"end":{"line":204,"column":11}},"101":{"start":{"line":207,"column":24},"end":{"line":207,"column":46}},"102":{"start":{"line":208,"column":8},"end":{"line":214,"column":9}},"103":{"start":{"line":209,"column":12},"end":{"line":213,"column":14}},"104":{"start":{"line":215,"column":8},"end":{"line":215,"column":90}},"105":{"start":{"line":216,"column":8},"end":{"line":219,"column":11}},"106":{"start":{"line":222,"column":33},"end":{"line":222,"column":121}},"107":{"start":{"line":222,"column":64},"end":{"line":222,"column":119}},"108":{"start":{"line":223,"column":30},"end":{"line":223,"column":32}},"109":{"start":{"line":225,"column":4},"end":{"line":242,"column":7}},"110":{"start":{"line":228,"column":8},"end":{"line":228,"column":105}},"111":{"start":{"line":230,"column":28},"end":{"line":230,"column":57}},"112":{"start":{"line":232,"column":8},"end":{"line":232,"column":65}},"113":{"start":{"line":232,"column":35},"end":{"line":232,"column":63}},"114":{"start":{"line":234,"column":8},"end":{"line":241,"column":11}},"115":{"start":{"line":245,"column":4},"end":{"line":245,"column":81}},"116":{"start":{"line":245,"column":37},"end":{"line":245,"column":79}},"117":{"start":{"line":251,"column":4},"end":{"line":251,"column":29}},"118":{"start":{"line":255,"column":4},"end":{"line":255,"column":58}},"119":{"start":{"line":255,"column":48},"end":{"line":255,"column":58}},"120":{"start":{"line":256,"column":4},"end":{"line":256,"column":178}},"121":{"start":{"line":258,"column":31},"end":{"line":258,"column":94}},"122":{"start":{"line":258,"column":62},"end":{"line":258,"column":92}},"123":{"start":{"line":260,"column":27},"end":{"line":290,"column":60}},"124":{"start":{"line":261,"column":8},"end":{"line":261,"column":133}},"125":{"start":{"line":261,"column":68},"end":{"line":261,"column":133}},"126":{"start":{"line":263,"column":25},"end":{"line":263,"column":26}},"127":{"start":{"line":264,"column":24},"end":{"line":264,"column":26}},"128":{"start":{"line":267,"column":8},"end":{"line":286,"column":11}},"129":{"start":{"line":272,"column":35},"end":{"line":272,"column":58}},"130":{"start":{"line":273,"column":32},"end":{"line":273,"column":37}},"131":{"start":{"line":274,"column":12},"end":{"line":279,"column":13}},"132":{"start":{"line":275,"column":16},"end":{"line":278,"column":17}},"133":{"start":{"line":276,"column":20},"end":{"line":276,"column":41}},"134":{"start":{"line":277,"column":20},"end":{"line":277,"column":26}},"135":{"start":{"line":281,"column":12},"end":{"line":285,"column":13}},"136":{"start":{"line":282,"column":16},"end":{"line":282,"column":29}},"137":{"start":{"line":284,"column":16},"end":{"line":284,"column":40}},"138":{"start":{"line":288,"column":32},"end":{"line":288,"column":110}},"139":{"start":{"line":289,"column":8},"end":{"line":289,"column":92}},"140":{"start":{"line":290,"column":24},"end":{"line":290,"column":59}},"141":{"start":{"line":292,"column":4},"end":{"line":295,"column":7}},"142":{"start":{"line":293,"column":8},"end":{"line":293,"column":98}},"143":{"start":{"line":293,"column":53},"end":{"line":293,"column":98}},"144":{"start":{"line":294,"column":8},"end":{"line":294,"column":73}},"145":{"start":{"line":296,"column":4},"end":{"line":296,"column":39}},"146":{"start":{"line":300,"column":0},"end":{"line":312,"column":1}},"147":{"start":{"line":301,"column":30},"end":{"line":301,"column":63}},"148":{"start":{"line":302,"column":4},"end":{"line":302,"column":66}},"149":{"start":{"line":303,"column":4},"end":{"line":303,"column":52}},"150":{"start":{"line":304,"column":4},"end":{"line":304,"column":72}},"151":{"start":{"line":306,"column":4},"end":{"line":311,"column":6}}},"fnMap":{"0":{"name":"generateWeeklyPlan","decl":{"start":{"line":1,"column":9},"end":{"line":1,"column":27}},"loc":{"start":{"line":1,"column":47},"end":{"line":48,"column":1}},"line":1},"1":{"name":"(anonymous_1)","decl":{"start":{"line":6,"column":35},"end":{"line":6,"column":36}},"loc":{"start":{"line":6,"column":40},"end":{"line":6,"column":74}},"line":6},"2":{"name":"(anonymous_2)","decl":{"start":{"line":8,"column":35},"end":{"line":8,"column":36}},"loc":{"start":{"line":8,"column":40},"end":{"line":8,"column":110}},"line":8},"3":{"name":"(anonymous_3)","decl":{"start":{"line":15,"column":35},"end":{"line":15,"column":36}},"loc":{"start":{"line":15,"column":40},"end":{"line":15,"column":136}},"line":15},"4":{"name":"(anonymous_4)","decl":{"start":{"line":16,"column":27},"end":{"line":16,"column":28}},"loc":{"start":{"line":16,"column":32},"end":{"line":16,"column":71}},"line":16},"5":{"name":"(anonymous_5)","decl":{"start":{"line":21,"column":50},"end":{"line":21,"column":51}},"loc":{"start":{"line":21,"column":55},"end":{"line":21,"column":91}},"line":21},"6":{"name":"(anonymous_6)","decl":{"start":{"line":22,"column":58},"end":{"line":22,"column":59}},"loc":{"start":{"line":22,"column":63},"end":{"line":22,"column":101}},"line":22},"7":{"name":"(anonymous_7)","decl":{"start":{"line":23,"column":57},"end":{"line":23,"column":58}},"loc":{"start":{"line":23,"column":62},"end":{"line":23,"column":106}},"line":23},"8":{"name":"(anonymous_8)","decl":{"start":{"line":24,"column":77},"end":{"line":24,"column":78}},"loc":{"start":{"line":24,"column":82},"end":{"line":24,"column":122}},"line":24},"9":{"name":"(anonymous_9)","decl":{"start":{"line":31,"column":47},"end":{"line":31,"column":48}},"loc":{"start":{"line":31,"column":53},"end":{"line":31,"column":72}},"line":31},"10":{"name":"parseIngredientString","decl":{"start":{"line":51,"column":9},"end":{"line":51,"column":30}},"loc":{"start":{"line":51,"column":42},"end":{"line":158,"column":1}},"line":51},"11":{"name":"generateShoppingList","decl":{"start":{"line":161,"column":9},"end":{"line":161,"column":29}},"loc":{"start":{"line":161,"column":86},"end":{"line":252,"column":1}},"line":161},"12":{"name":"(anonymous_12)","decl":{"start":{"line":166,"column":17},"end":{"line":166,"column":18}},"loc":{"start":{"line":166,"column":24},"end":{"line":184,"column":5}},"line":166},"13":{"name":"(anonymous_13)","decl":{"start":{"line":169,"column":45},"end":{"line":169,"column":46}},"loc":{"start":{"line":169,"column":58},"end":{"line":182,"column":13}},"line":169},"14":{"name":"(anonymous_14)","decl":{"start":{"line":188,"column":35},"end":{"line":188,"column":36}},"loc":{"start":{"line":188,"column":42},"end":{"line":220,"column":5}},"line":188},"15":{"name":"(anonymous_15)","decl":{"start":{"line":222,"column":56},"end":{"line":222,"column":57}},"loc":{"start":{"line":222,"column":64},"end":{"line":222,"column":119}},"line":222},"16":{"name":"(anonymous_16)","decl":{"start":{"line":225,"column":55},"end":{"line":225,"column":56}},"loc":{"start":{"line":225,"column":67},"end":{"line":242,"column":5}},"line":225},"17":{"name":"(anonymous_17)","decl":{"start":{"line":232,"column":25},"end":{"line":232,"column":26}},"loc":{"start":{"line":232,"column":35},"end":{"line":232,"column":63}},"line":232},"18":{"name":"(anonymous_18)","decl":{"start":{"line":245,"column":27},"end":{"line":245,"column":28}},"loc":{"start":{"line":245,"column":37},"end":{"line":245,"column":79}},"line":245},"19":{"name":"findAlmostCompleteRecipes","decl":{"start":{"line":254,"column":9},"end":{"line":254,"column":34}},"loc":{"start":{"line":254,"column":77},"end":{"line":297,"column":1}},"line":254},"20":{"name":"(anonymous_20)","decl":{"start":{"line":258,"column":54},"end":{"line":258,"column":55}},"loc":{"start":{"line":258,"column":62},"end":{"line":258,"column":92}},"line":258},"21":{"name":"(anonymous_21)","decl":{"start":{"line":260,"column":42},"end":{"line":260,"column":43}},"loc":{"start":{"line":260,"column":52},"end":{"line":290,"column":5}},"line":260},"22":{"name":"(anonymous_22)","decl":{"start":{"line":267,"column":35},"end":{"line":267,"column":36}},"loc":{"start":{"line":267,"column":48},"end":{"line":286,"column":9}},"line":267},"23":{"name":"(anonymous_23)","decl":{"start":{"line":290,"column":14},"end":{"line":290,"column":15}},"loc":{"start":{"line":290,"column":24},"end":{"line":290,"column":59}},"line":290},"24":{"name":"(anonymous_24)","decl":{"start":{"line":292,"column":24},"end":{"line":292,"column":25}},"loc":{"start":{"line":292,"column":34},"end":{"line":295,"column":5}},"line":292}},"branchMap":{"0":{"loc":{"start":{"line":5,"column":4},"end":{"line":9,"column":5}},"type":"if","locations":[{"start":{"line":5,"column":4},"end":{"line":9,"column":5}},{"start":{"line":7,"column":11},"end":{"line":9,"column":5}}],"line":5},"1":{"loc":{"start":{"line":6,"column":40},"end":{"line":6,"column":74}},"type":"binary-expr","locations":[{"start":{"line":6,"column":40},"end":{"line":6,"column":46}},{"start":{"line":6,"column":50},"end":{"line":6,"column":74}}],"line":6},"2":{"loc":{"start":{"line":7,"column":11},"end":{"line":9,"column":5}},"type":"if","locations":[{"start":{"line":7,"column":11},"end":{"line":9,"column":5}},{"start":{},"end":{}}],"line":7},"3":{"loc":{"start":{"line":8,"column":40},"end":{"line":8,"column":110}},"type":"binary-expr","locations":[{"start":{"line":8,"column":40},"end":{"line":8,"column":46}},{"start":{"line":8,"column":51},"end":{"line":8,"column":81}},{"start":{"line":8,"column":85},"end":{"line":8,"column":109}}],"line":8},"4":{"loc":{"start":{"line":14,"column":4},"end":{"line":19,"column":5}},"type":"if","locations":[{"start":{"line":14,"column":4},"end":{"line":19,"column":5}},{"start":{},"end":{}}],"line":14},"5":{"loc":{"start":{"line":15,"column":40},"end":{"line":15,"column":136}},"type":"binary-expr","locations":[{"start":{"line":15,"column":40},"end":{"line":15,"column":79}},{"start":{"line":15,"column":83},"end":{"line":15,"column":136}}],"line":15},"6":{"loc":{"start":{"line":16,"column":8},"end":{"line":18,"column":9}},"type":"if","locations":[{"start":{"line":16,"column":8},"end":{"line":18,"column":9}},{"start":{},"end":{}}],"line":16},"7":{"loc":{"start":{"line":21,"column":4},"end":{"line":21,"column":93}},"type":"if","locations":[{"start":{"line":21,"column":4},"end":{"line":21,"column":93}},{"start":{},"end":{}}],"line":21},"8":{"loc":{"start":{"line":21,"column":55},"end":{"line":21,"column":91}},"type":"binary-expr","locations":[{"start":{"line":21,"column":55},"end":{"line":21,"column":61}},{"start":{"line":21,"column":65},"end":{"line":21,"column":91}}],"line":21},"9":{"loc":{"start":{"line":22,"column":4},"end":{"line":22,"column":103}},"type":"if","locations":[{"start":{"line":22,"column":4},"end":{"line":22,"column":103}},{"start":{},"end":{}}],"line":22},"10":{"loc":{"start":{"line":22,"column":63},"end":{"line":22,"column":101}},"type":"binary-expr","locations":[{"start":{"line":22,"column":63},"end":{"line":22,"column":69}},{"start":{"line":22,"column":73},"end":{"line":22,"column":101}}],"line":22},"11":{"loc":{"start":{"line":23,"column":4},"end":{"line":23,"column":108}},"type":"if","locations":[{"start":{"line":23,"column":4},"end":{"line":23,"column":108}},{"start":{},"end":{}}],"line":23},"12":{"loc":{"start":{"line":23,"column":62},"end":{"line":23,"column":106}},"type":"binary-expr","locations":[{"start":{"line":23,"column":62},"end":{"line":23,"column":68}},{"start":{"line":23,"column":72},"end":{"line":23,"column":106}}],"line":23},"13":{"loc":{"start":{"line":24,"column":4},"end":{"line":24,"column":124}},"type":"if","locations":[{"start":{"line":24,"column":4},"end":{"line":24,"column":124}},{"start":{},"end":{}}],"line":24},"14":{"loc":{"start":{"line":24,"column":8},"end":{"line":24,"column":48}},"type":"binary-expr","locations":[{"start":{"line":24,"column":8},"end":{"line":24,"column":21}},{"start":{"line":24,"column":25},"end":{"line":24,"column":48}}],"line":24},"15":{"loc":{"start":{"line":24,"column":82},"end":{"line":24,"column":122}},"type":"binary-expr","locations":[{"start":{"line":24,"column":82},"end":{"line":24,"column":88}},{"start":{"line":24,"column":92},"end":{"line":24,"column":122}}],"line":24},"16":{"loc":{"start":{"line":26,"column":4},"end":{"line":29,"column":5}},"type":"if","locations":[{"start":{"line":26,"column":4},"end":{"line":29,"column":5}},{"start":{},"end":{}}],"line":26},"17":{"loc":{"start":{"line":39,"column":8},"end":{"line":45,"column":9}},"type":"if","locations":[{"start":{"line":39,"column":8},"end":{"line":45,"column":9}},{"start":{},"end":{}}],"line":39},"18":{"loc":{"start":{"line":39,"column":12},"end":{"line":39,"column":60}},"type":"binary-expr","locations":[{"start":{"line":39,"column":12},"end":{"line":39,"column":32}},{"start":{"line":39,"column":36},"end":{"line":39,"column":60}}],"line":39},"19":{"loc":{"start":{"line":54,"column":4},"end":{"line":63,"column":5}},"type":"if","locations":[{"start":{"line":54,"column":4},"end":{"line":63,"column":5}},{"start":{},"end":{}}],"line":54},"20":{"loc":{"start":{"line":77,"column":4},"end":{"line":99,"column":5}},"type":"if","locations":[{"start":{"line":77,"column":4},"end":{"line":99,"column":5}},{"start":{},"end":{}}],"line":77},"21":{"loc":{"start":{"line":82,"column":8},"end":{"line":84,"column":9}},"type":"if","locations":[{"start":{"line":82,"column":8},"end":{"line":84,"column":9}},{"start":{},"end":{}}],"line":82},"22":{"loc":{"start":{"line":86,"column":8},"end":{"line":97,"column":9}},"type":"if","locations":[{"start":{"line":86,"column":8},"end":{"line":97,"column":9}},{"start":{"line":95,"column":15},"end":{"line":97,"column":9}}],"line":86},"23":{"loc":{"start":{"line":88,"column":12},"end":{"line":94,"column":13}},"type":"if","locations":[{"start":{"line":88,"column":12},"end":{"line":94,"column":13}},{"start":{"line":91,"column":19},"end":{"line":94,"column":13}}],"line":88},"24":{"loc":{"start":{"line":88,"column":16},"end":{"line":88,"column":141}},"type":"binary-expr","locations":[{"start":{"line":88,"column":16},"end":{"line":88,"column":90}},{"start":{"line":88,"column":94},"end":{"line":88,"column":141}}],"line":88},"25":{"loc":{"start":{"line":101,"column":4},"end":{"line":103,"column":5}},"type":"if","locations":[{"start":{"line":101,"column":4},"end":{"line":103,"column":5}},{"start":{},"end":{}}],"line":101},"26":{"loc":{"start":{"line":101,"column":8},"end":{"line":101,"column":52}},"type":"binary-expr","locations":[{"start":{"line":101,"column":8},"end":{"line":101,"column":19}},{"start":{"line":101,"column":23},"end":{"line":101,"column":28}},{"start":{"line":101,"column":32},"end":{"line":101,"column":40}},{"start":{"line":101,"column":44},"end":{"line":101,"column":52}}],"line":101},"27":{"loc":{"start":{"line":109,"column":4},"end":{"line":121,"column":5}},"type":"if","locations":[{"start":{"line":109,"column":4},"end":{"line":121,"column":5}},{"start":{},"end":{}}],"line":109},"28":{"loc":{"start":{"line":109,"column":8},"end":{"line":109,"column":60}},"type":"binary-expr","locations":[{"start":{"line":109,"column":8},"end":{"line":109,"column":31}},{"start":{"line":109,"column":35},"end":{"line":109,"column":60}}],"line":109},"29":{"loc":{"start":{"line":110,"column":8},"end":{"line":118,"column":9}},"type":"if","locations":[{"start":{"line":110,"column":8},"end":{"line":118,"column":9}},{"start":{"line":112,"column":15},"end":{"line":118,"column":9}}],"line":110},"30":{"loc":{"start":{"line":110,"column":12},"end":{"line":110,"column":97}},"type":"binary-expr","locations":[{"start":{"line":110,"column":12},"end":{"line":110,"column":51}},{"start":{"line":110,"column":55},"end":{"line":110,"column":97}}],"line":110},"31":{"loc":{"start":{"line":112,"column":15},"end":{"line":118,"column":9}},"type":"if","locations":[{"start":{"line":112,"column":15},"end":{"line":118,"column":9}},{"start":{"line":114,"column":15},"end":{"line":118,"column":9}}],"line":112},"32":{"loc":{"start":{"line":114,"column":15},"end":{"line":118,"column":9}},"type":"if","locations":[{"start":{"line":114,"column":15},"end":{"line":118,"column":9}},{"start":{},"end":{}}],"line":114},"33":{"loc":{"start":{"line":114,"column":19},"end":{"line":114,"column":55}},"type":"binary-expr","locations":[{"start":{"line":114,"column":19},"end":{"line":114,"column":30}},{"start":{"line":114,"column":34},"end":{"line":114,"column":55}}],"line":114},"34":{"loc":{"start":{"line":124,"column":4},"end":{"line":135,"column":5}},"type":"if","locations":[{"start":{"line":124,"column":4},"end":{"line":135,"column":5}},{"start":{},"end":{}}],"line":124},"35":{"loc":{"start":{"line":125,"column":8},"end":{"line":133,"column":9}},"type":"if","locations":[{"start":{"line":125,"column":8},"end":{"line":133,"column":9}},{"start":{"line":127,"column":15},"end":{"line":133,"column":9}}],"line":125},"36":{"loc":{"start":{"line":127,"column":15},"end":{"line":133,"column":9}},"type":"if","locations":[{"start":{"line":127,"column":15},"end":{"line":133,"column":9}},{"start":{},"end":{}}],"line":127},"37":{"loc":{"start":{"line":128,"column":12},"end":{"line":131,"column":13}},"type":"if","locations":[{"start":{"line":128,"column":12},"end":{"line":131,"column":13}},{"start":{},"end":{}}],"line":128},"38":{"loc":{"start":{"line":128,"column":16},"end":{"line":128,"column":101}},"type":"binary-expr","locations":[{"start":{"line":128,"column":16},"end":{"line":128,"column":55}},{"start":{"line":128,"column":59},"end":{"line":128,"column":101}}],"line":128},"39":{"loc":{"start":{"line":137,"column":4},"end":{"line":142,"column":5}},"type":"if","locations":[{"start":{"line":137,"column":4},"end":{"line":142,"column":5}},{"start":{},"end":{}}],"line":137},"40":{"loc":{"start":{"line":137,"column":8},"end":{"line":137,"column":91}},"type":"binary-expr","locations":[{"start":{"line":137,"column":8},"end":{"line":137,"column":17}},{"start":{"line":137,"column":21},"end":{"line":137,"column":33}},{"start":{"line":137,"column":37},"end":{"line":137,"column":60}},{"start":{"line":137,"column":64},"end":{"line":137,"column":91}}],"line":137},"41":{"loc":{"start":{"line":145,"column":4},"end":{"line":147,"column":5}},"type":"if","locations":[{"start":{"line":145,"column":4},"end":{"line":147,"column":5}},{"start":{},"end":{}}],"line":145},"42":{"loc":{"start":{"line":145,"column":8},"end":{"line":145,"column":111}},"type":"binary-expr","locations":[{"start":{"line":145,"column":8},"end":{"line":145,"column":29}},{"start":{"line":145,"column":34},"end":{"line":145,"column":62}},{"start":{"line":145,"column":67},"end":{"line":145,"column":94}},{"start":{"line":145,"column":98},"end":{"line":145,"column":109}}],"line":145},"43":{"loc":{"start":{"line":153,"column":14},"end":{"line":153,"column":44}},"type":"binary-expr","locations":[{"start":{"line":153,"column":14},"end":{"line":153,"column":24}},{"start":{"line":153,"column":28},"end":{"line":153,"column":44}}],"line":153},"44":{"loc":{"start":{"line":161,"column":48},"end":{"line":161,"column":66}},"type":"default-arg","locations":[{"start":{"line":161,"column":65},"end":{"line":161,"column":66}}],"line":161},"45":{"loc":{"start":{"line":162,"column":4},"end":{"line":162,"column":46}},"type":"if","locations":[{"start":{"line":162,"column":4},"end":{"line":162,"column":46}},{"start":{},"end":{}}],"line":162},"46":{"loc":{"start":{"line":162,"column":8},"end":{"line":162,"column":34}},"type":"binary-expr","locations":[{"start":{"line":162,"column":8},"end":{"line":162,"column":13}},{"start":{"line":162,"column":17},"end":{"line":162,"column":34}}],"line":162},"47":{"loc":{"start":{"line":167,"column":8},"end":{"line":183,"column":9}},"type":"if","locations":[{"start":{"line":167,"column":8},"end":{"line":183,"column":9}},{"start":{},"end":{}}],"line":167},"48":{"loc":{"start":{"line":167,"column":12},"end":{"line":167,"column":52}},"type":"binary-expr","locations":[{"start":{"line":167,"column":12},"end":{"line":167,"column":24}},{"start":{"line":167,"column":28},"end":{"line":167,"column":52}}],"line":167},"49":{"loc":{"start":{"line":168,"column":31},"end":{"line":168,"column":73}},"type":"binary-expr","locations":[{"start":{"line":168,"column":31},"end":{"line":168,"column":49}},{"start":{"line":168,"column":53},"end":{"line":168,"column":73}}],"line":168},"50":{"loc":{"start":{"line":190,"column":8},"end":{"line":198,"column":9}},"type":"if","locations":[{"start":{"line":190,"column":8},"end":{"line":198,"column":9}},{"start":{},"end":{}}],"line":190},"51":{"loc":{"start":{"line":208,"column":8},"end":{"line":214,"column":9}},"type":"if","locations":[{"start":{"line":208,"column":8},"end":{"line":214,"column":9}},{"start":{},"end":{}}],"line":208},"52":{"loc":{"start":{"line":254,"column":59},"end":{"line":254,"column":75}},"type":"default-arg","locations":[{"start":{"line":254,"column":71},"end":{"line":254,"column":75}}],"line":254},"53":{"loc":{"start":{"line":255,"column":4},"end":{"line":255,"column":58}},"type":"if","locations":[{"start":{"line":255,"column":4},"end":{"line":255,"column":58}},{"start":{},"end":{}}],"line":255},"54":{"loc":{"start":{"line":255,"column":8},"end":{"line":255,"column":46}},"type":"binary-expr","locations":[{"start":{"line":255,"column":8},"end":{"line":255,"column":19}},{"start":{"line":255,"column":23},"end":{"line":255,"column":46}}],"line":255},"55":{"loc":{"start":{"line":261,"column":8},"end":{"line":261,"column":133}},"type":"if","locations":[{"start":{"line":261,"column":8},"end":{"line":261,"column":133}},{"start":{},"end":{}}],"line":261},"56":{"loc":{"start":{"line":261,"column":12},"end":{"line":261,"column":66}},"type":"binary-expr","locations":[{"start":{"line":261,"column":12},"end":{"line":261,"column":31}},{"start":{"line":261,"column":35},"end":{"line":261,"column":66}}],"line":261},"57":{"loc":{"start":{"line":275,"column":16},"end":{"line":278,"column":17}},"type":"if","locations":[{"start":{"line":275,"column":16},"end":{"line":278,"column":17}},{"start":{},"end":{}}],"line":275},"58":{"loc":{"start":{"line":281,"column":12},"end":{"line":285,"column":13}},"type":"if","locations":[{"start":{"line":281,"column":12},"end":{"line":285,"column":13}},{"start":{"line":283,"column":19},"end":{"line":285,"column":13}}],"line":281},"59":{"loc":{"start":{"line":288,"column":32},"end":{"line":288,"column":110}},"type":"cond-expr","locations":[{"start":{"line":288,"column":67},"end":{"line":288,"column":105}},{"start":{"line":288,"column":109},"end":{"line":288,"column":110}}],"line":288},"60":{"loc":{"start":{"line":293,"column":8},"end":{"line":293,"column":98}},"type":"if","locations":[{"start":{"line":293,"column":8},"end":{"line":293,"column":98}},{"start":{},"end":{}}],"line":293},"61":{"loc":{"start":{"line":300,"column":0},"end":{"line":312,"column":1}},"type":"if","locations":[{"start":{"line":300,"column":0},"end":{"line":312,"column":1}},{"start":{},"end":{}}],"line":300},"62":{"loc":{"start":{"line":300,"column":4},"end":{"line":300,"column":51}},"type":"binary-expr","locations":[{"start":{"line":300,"column":4},"end":{"line":300,"column":33}},{"start":{"line":300,"column":37},"end":{"line":300,"column":51}}],"line":300}},"s":{"0":10,"1":10,"2":2,"3":20,"4":8,"5":1,"6":16,"7":10,"8":3,"9":36,"10":3,"11":1,"12":2,"13":10,"14":1,"15":16,"16":10,"17":0,"18":0,"19":10,"20":0,"21":0,"22":10,"23":1,"24":16,"25":10,"26":2,"27":2,"28":8,"29":84,"30":8,"31":8,"32":8,"33":8,"34":8,"35":8,"36":20,"37":20,"38":8,"39":76,"40":76,"41":0,"42":76,"43":76,"44":76,"45":76,"46":76,"47":76,"48":76,"49":76,"50":76,"51":76,"52":76,"53":76,"54":76,"55":52,"56":76,"57":51,"58":51,"59":46,"60":46,"61":5,"62":5,"63":25,"64":76,"65":76,"66":0,"67":76,"68":76,"69":76,"70":30,"71":12,"72":18,"73":1,"74":17,"75":10,"76":76,"77":7,"78":1,"79":6,"80":4,"81":0,"82":76,"83":76,"84":14,"85":76,"86":8,"87":2,"88":6,"89":6,"90":10,"91":9,"92":9,"93":32,"94":32,"95":6,"96":6,"97":32,"98":32,"99":30,"100":32,"101":32,"102":32,"103":30,"104":32,"105":32,"106":6,"107":1,"108":6,"109":6,"110":30,"111":30,"112":30,"113":0,"114":30,"115":6,"116":50,"117":6,"118":9,"119":2,"120":7,"121":7,"122":14,"123":7,"124":37,"125":7,"126":30,"127":30,"128":30,"129":131,"130":131,"131":131,"132":227,"133":36,"134":36,"135":131,"136":36,"137":95,"138":30,"139":30,"140":37,"141":7,"142":19,"143":9,"144":10,"145":7,"146":1,"147":1,"148":1,"149":1,"150":1,"151":1},"f":{"0":10,"1":20,"2":16,"3":36,"4":1,"5":16,"6":0,"7":0,"8":16,"9":84,"10":76,"11":8,"12":10,"13":32,"14":32,"15":1,"16":30,"17":0,"18":50,"19":9,"20":14,"21":37,"22":131,"23":37,"24":19},"b":{"0":[2,8],"1":[20,18],"2":[1,7],"3":[16,16,12],"4":[3,7],"5":[36,32],"6":[2,1],"7":[1,9],"8":[16,16],"9":[0,10],"10":[0,0],"11":[0,10],"12":[0,0],"13":[1,9],"14":[10,2],"15":[16,16],"16":[2,8],"17":[20,0],"18":[20,20],"19":[0,76],"20":[76,0],"21":[52,24],"22":[51,25],"23":[46,5],"24":[51,5],"25":[0,76],"26":[76,3,3,1],"27":[30,46],"28":[76,46],"29":[12,18],"30":[30,22],"31":[1,17],"32":[10,7],"33":[17,14],"34":[7,69],"35":[1,6],"36":[4,2],"37":[0,4],"38":[4,4],"39":[0,76],"40":[76,3,3,1],"41":[14,62],"42":[76,24,10,0],"43":[76,30],"44":[0],"45":[2,6],"46":[8,7],"47":[9,1],"48":[10,9],"49":[9,0],"50":[30,2],"51":[30,2],"52":[2],"53":[2,7],"54":[9,8],"55":[7,30],"56":[37,37],"57":[36,191],"58":[36,95],"59":[30,0],"60":[9,10],"61":[1,0],"62":[1,1]},"_coverageSchema":"1a1c01bbd47fc00a2c39e90264f33305004495a9","hash":"f7eaa9aadbc67eefbbd5564292d69180d31d5aa5"}
}
