TN:
SF:js/logic.js
FN:1,generateWeeklyPlan
FN:6,(anonymous_1)
FN:8,(anonymous_2)
FN:15,(anonymous_3)
FN:16,(anonymous_4)
FN:21,(anonymous_5)
FN:22,(anonymous_6)
FN:23,(anonymous_7)
FN:24,(anonymous_8)
FN:31,(anonymous_9)
FN:51,parseIngredientString
FN:167,generateShoppingList
FN:171,(anonymous_12)
FN:173,(anonymous_13)
FN:216,(anonymous_14)
FN:221,(anonymous_15)
FN:264,(anonymous_16)
FN:267,(anonymous_17)
FN:268,(anonymous_18)
FN:279,findAlmostCompleteRecipes
FN:283,(anonymous_20)
FN:285,(anonymous_21)
FN:292,(anonymous_22)
FN:315,(anonymous_23)
FN:317,(anonymous_24)
FNF:25
FNH:23
FNDA:10,generateWeeklyPlan
FNDA:20,(anonymous_1)
FNDA:16,(anonymous_2)
FNDA:36,(anonymous_3)
FNDA:1,(anonymous_4)
FNDA:16,(anonymous_5)
FNDA:0,(anonymous_6)
FNDA:0,(anonymous_7)
FNDA:16,(anonymous_8)
FNDA:83,(anonymous_9)
FNDA:75,parseIngredientString
FNDA:8,generateShoppingList
FNDA:10,(anonymous_12)
FNDA:32,(anonymous_13)
FNDA:1,(anonymous_14)
FNDA:30,(anonymous_15)
FNDA:5,(anonymous_16)
FNDA:11,(anonymous_17)
FNDA:37,(anonymous_18)
FNDA:9,findAlmostCompleteRecipes
FNDA:14,(anonymous_20)
FNDA:37,(anonymous_21)
FNDA:131,(anonymous_22)
FNDA:37,(anonymous_23)
FNDA:19,(anonymous_24)
DA:2,10
DA:5,10
DA:6,20
DA:7,8
DA:8,16
DA:14,10
DA:15,36
DA:16,3
DA:17,2
DA:21,16
DA:22,10
DA:23,10
DA:24,16
DA:26,10
DA:27,2
DA:28,2
DA:31,83
DA:32,8
DA:34,8
DA:35,8
DA:36,8
DA:38,8
DA:39,20
DA:40,20
DA:47,8
DA:52,75
DA:53,75
DA:54,75
DA:55,75
DA:59,75
DA:61,75
DA:77,75
DA:79,75
DA:81,75
DA:82,75
DA:83,75
DA:84,75
DA:86,75
DA:87,52
DA:88,52
DA:89,42
DA:90,42
DA:91,41
DA:92,41
DA:94,1
DA:95,1
DA:98,10
DA:99,10
DA:101,23
DA:102,9
DA:103,9
DA:104,5
DA:105,5
DA:107,4
DA:110,14
DA:111,14
DA:112,14
DA:113,1
DA:114,1
DA:115,13
DA:116,10
DA:121,0
DA:123,0
DA:124,0
DA:125,0
DA:126,0
DA:127,0
DA:128,0
DA:133,75
DA:134,0
DA:141,75
DA:145,1
DA:146,0
DA:158,75
DA:168,8
DA:169,6
DA:171,6
DA:172,10
DA:173,9
DA:174,32
DA:185,32
DA:186,32
DA:187,31
DA:188,31
DA:189,31
DA:192,32
DA:194,32
DA:195,32
DA:198,32
DA:200,32
DA:201,2
DA:202,2
DA:204,30
DA:216,6
DA:219,6
DA:221,6
DA:222,30
DA:223,30
DA:225,30
DA:226,30
DA:227,90
DA:228,90
DA:229,210
DA:230,210
DA:232,210
DA:233,11
DA:234,11
DA:235,11
DA:245,30
DA:246,11
DA:251,30
DA:261,6
DA:264,6
DA:267,6
DA:268,11
DA:269,37
DA:270,36
DA:272,1
DA:276,6
DA:280,9
DA:281,7
DA:283,14
DA:285,7
DA:286,37
DA:288,30
DA:289,30
DA:292,30
DA:297,131
DA:298,131
DA:299,131
DA:300,227
DA:301,36
DA:302,36
DA:306,131
DA:307,36
DA:309,95
DA:313,30
DA:314,30
DA:315,37
DA:317,7
DA:318,19
DA:319,10
DA:321,7
DA:325,1
DA:326,1
LF:145
LH:136
BRDA:5,0,0,2
BRDA:5,0,1,8
BRDA:6,1,0,20
BRDA:6,1,1,18
BRDA:7,2,0,1
BRDA:7,2,1,7
BRDA:8,3,0,16
BRDA:8,3,1,16
BRDA:8,3,2,12
BRDA:14,4,0,3
BRDA:14,4,1,7
BRDA:15,5,0,36
BRDA:15,5,1,32
BRDA:16,6,0,2
BRDA:16,6,1,1
BRDA:21,7,0,1
BRDA:21,7,1,9
BRDA:21,8,0,16
BRDA:21,8,1,16
BRDA:22,9,0,0
BRDA:22,9,1,10
BRDA:22,10,0,0
BRDA:22,10,1,0
BRDA:23,11,0,0
BRDA:23,11,1,10
BRDA:23,12,0,0
BRDA:23,12,1,0
BRDA:24,13,0,1
BRDA:24,13,1,9
BRDA:24,14,0,10
BRDA:24,14,1,2
BRDA:24,15,0,16
BRDA:24,15,1,16
BRDA:26,16,0,2
BRDA:26,16,1,8
BRDA:39,17,0,20
BRDA:39,17,1,0
BRDA:39,18,0,20
BRDA:39,18,1,20
BRDA:81,19,0,75
BRDA:81,19,1,0
BRDA:86,20,0,52
BRDA:86,20,1,23
BRDA:88,21,0,42
BRDA:88,21,1,10
BRDA:90,22,0,41
BRDA:90,22,1,1
BRDA:101,23,0,9
BRDA:101,23,1,14
BRDA:103,24,0,5
BRDA:103,24,1,4
BRDA:112,25,0,1
BRDA:112,25,1,13
BRDA:115,26,0,10
BRDA:115,26,1,3
BRDA:115,27,0,13
BRDA:115,27,1,7
BRDA:115,27,2,3
BRDA:124,28,0,0
BRDA:124,28,1,0
BRDA:124,29,0,0
BRDA:124,29,1,0
BRDA:124,29,2,0
BRDA:126,30,0,0
BRDA:126,30,1,0
BRDA:133,31,0,0
BRDA:133,31,1,75
BRDA:133,32,0,75
BRDA:133,32,1,54
BRDA:133,32,2,16
BRDA:133,32,3,16
BRDA:141,33,0,1
BRDA:141,33,1,74
BRDA:141,34,0,75
BRDA:141,34,1,4
BRDA:141,34,2,2
BRDA:145,35,0,0
BRDA:145,35,1,1
BRDA:145,36,0,1
BRDA:145,36,1,1
BRDA:145,36,2,0
BRDA:167,37,0,0
BRDA:168,38,0,2
BRDA:168,38,1,6
BRDA:168,39,0,8
BRDA:168,39,1,7
BRDA:172,40,0,9
BRDA:172,40,1,1
BRDA:172,41,0,10
BRDA:172,41,1,9
BRDA:186,42,0,31
BRDA:186,42,1,1
BRDA:188,43,0,31
BRDA:188,43,1,0
BRDA:188,44,0,31
BRDA:188,44,1,31
BRDA:192,45,0,1
BRDA:192,45,1,31
BRDA:200,46,0,2
BRDA:200,46,1,30
BRDA:225,47,0,30
BRDA:225,47,1,0
BRDA:227,48,0,90
BRDA:227,48,1,0
BRDA:232,49,0,11
BRDA:232,49,1,199
BRDA:233,50,0,11
BRDA:233,50,1,0
BRDA:245,51,0,11
BRDA:245,51,1,19
BRDA:269,52,0,36
BRDA:269,52,1,1
BRDA:279,53,0,2
BRDA:280,54,0,2
BRDA:280,54,1,7
BRDA:280,55,0,9
BRDA:280,55,1,8
BRDA:286,56,0,7
BRDA:286,56,1,30
BRDA:286,57,0,37
BRDA:286,57,1,37
BRDA:300,58,0,36
BRDA:300,58,1,191
BRDA:306,59,0,36
BRDA:306,59,1,95
BRDA:313,60,0,30
BRDA:313,60,1,0
BRDA:318,61,0,9
BRDA:318,61,1,10
BRDA:325,62,0,1
BRDA:325,62,1,0
BRDA:325,63,0,1
BRDA:325,63,1,1
BRF:133
BRH:108
end_of_record
