TN:
SF:js/ingredientMatcher.js
FN:468,normalizeUnit
FN:474,normalizeIngredientName
FN:528,convertToBaseUnit
FNF:3
FNH:2
FNDA:127,normalizeUnit
FNDA:77,normalizeIngredientName
FNDA:0,convertToBaseUnit
DA:3,1
DA:47,1
DA:59,1
DA:88,1
DA:469,127
DA:470,127
DA:471,127
DA:475,77
DA:476,77
DA:481,77
DA:485,77
DA:486,77
DA:487,231
DA:488,0
DA:497,77
DA:498,49
DA:502,28
DA:503,9934
DA:505,3
DA:506,3
DA:508,2
DA:515,26
DA:516,2
DA:517,2
DA:518,0
DA:524,26
DA:529,0
DA:530,0
DA:533,0
DA:534,0
DA:535,0
DA:536,0
DA:537,0
DA:545,0
DA:546,0
DA:553,0
DA:556,0
DA:557,0
DA:558,0
DA:566,0
DA:577,1
DA:578,1
DA:588,1
LF:43
LH:27
BRDA:469,0,0,0
BRDA:469,0,1,127
BRDA:471,1,0,127
BRDA:471,1,1,35
BRDA:475,2,0,0
BRDA:475,2,1,77
BRDA:487,3,0,0
BRDA:487,3,1,231
BRDA:497,4,0,49
BRDA:497,4,1,28
BRDA:503,5,0,3
BRDA:503,5,1,9931
BRDA:506,6,0,2
BRDA:506,6,1,1
BRDA:515,7,0,2
BRDA:515,7,1,24
BRDA:515,8,0,26
BRDA:515,8,1,2
BRDA:515,8,2,2
BRDA:517,9,0,0
BRDA:517,9,1,2
BRDA:533,10,0,0
BRDA:533,10,1,0
BRDA:533,11,0,0
BRDA:533,11,1,0
BRDA:545,12,0,0
BRDA:545,12,1,0
BRDA:556,13,0,0
BRDA:556,13,1,0
BRDA:556,14,0,0
BRDA:556,14,1,0
BRDA:556,14,2,0
BRDA:577,15,0,1
BRDA:577,15,1,0
BRDA:577,16,0,1
BRDA:577,16,1,1
BRF:36
BRH:20
end_of_record
TN:
SF:js/logic.js
FN:1,generateWeeklyPlan
FN:6,(anonymous_1)
FN:8,(anonymous_2)
FN:15,(anonymous_3)
FN:16,(anonymous_4)
FN:21,(anonymous_5)
FN:22,(anonymous_6)
FN:23,(anonymous_7)
FN:24,(anonymous_8)
FN:31,(anonymous_9)
FN:51,parseIngredientString
FN:161,generateShoppingList
FN:166,(anonymous_12)
FN:169,(anonymous_13)
FN:188,(anonymous_14)
FN:222,(anonymous_15)
FN:225,(anonymous_16)
FN:232,(anonymous_17)
FN:245,(anonymous_18)
FN:254,findAlmostCompleteRecipes
FN:258,(anonymous_20)
FN:260,(anonymous_21)
FN:267,(anonymous_22)
FN:290,(anonymous_23)
FN:292,(anonymous_24)
FNF:25
FNH:22
FNDA:10,generateWeeklyPlan
FNDA:20,(anonymous_1)
FNDA:16,(anonymous_2)
FNDA:36,(anonymous_3)
FNDA:1,(anonymous_4)
FNDA:16,(anonymous_5)
FNDA:0,(anonymous_6)
FNDA:0,(anonymous_7)
FNDA:16,(anonymous_8)
FNDA:84,(anonymous_9)
FNDA:76,parseIngredientString
FNDA:8,generateShoppingList
FNDA:10,(anonymous_12)
FNDA:32,(anonymous_13)
FNDA:32,(anonymous_14)
FNDA:1,(anonymous_15)
FNDA:30,(anonymous_16)
FNDA:0,(anonymous_17)
FNDA:50,(anonymous_18)
FNDA:9,findAlmostCompleteRecipes
FNDA:14,(anonymous_20)
FNDA:37,(anonymous_21)
FNDA:131,(anonymous_22)
FNDA:37,(anonymous_23)
FNDA:19,(anonymous_24)
DA:2,10
DA:5,10
DA:6,20
DA:7,8
DA:8,16
DA:14,10
DA:15,36
DA:16,3
DA:17,2
DA:21,16
DA:22,10
DA:23,10
DA:24,16
DA:26,10
DA:27,2
DA:28,2
DA:31,84
DA:32,8
DA:34,8
DA:35,8
DA:36,8
DA:38,8
DA:39,20
DA:40,20
DA:47,8
DA:52,76
DA:54,76
DA:55,0
DA:65,76
DA:66,76
DA:67,76
DA:68,76
DA:70,76
DA:71,76
DA:73,76
DA:74,76
DA:77,76
DA:78,76
DA:79,76
DA:80,76
DA:82,76
DA:83,52
DA:86,76
DA:87,51
DA:88,51
DA:89,46
DA:90,46
DA:92,5
DA:93,5
DA:96,25
DA:98,76
DA:101,76
DA:102,0
DA:105,76
DA:106,76
DA:109,76
DA:110,30
DA:111,12
DA:112,18
DA:113,1
DA:114,17
DA:117,10
DA:124,76
DA:125,7
DA:126,1
DA:127,6
DA:128,4
DA:129,0
DA:137,76
DA:145,76
DA:146,14
DA:150,76
DA:162,8
DA:164,6
DA:166,6
DA:167,10
DA:168,9
DA:169,9
DA:170,32
DA:174,32
DA:187,6
DA:188,6
DA:189,32
DA:190,32
DA:191,30
DA:201,32
DA:207,32
DA:208,32
DA:209,30
DA:215,32
DA:216,32
DA:222,6
DA:223,6
DA:225,6
DA:228,30
DA:230,30
DA:232,30
DA:234,30
DA:245,50
DA:251,6
DA:255,9
DA:256,7
DA:258,14
DA:260,7
DA:261,37
DA:263,30
DA:264,30
DA:267,30
DA:272,131
DA:273,131
DA:274,131
DA:275,227
DA:276,36
DA:277,36
DA:281,131
DA:282,36
DA:284,95
DA:288,30
DA:289,30
DA:290,37
DA:292,7
DA:293,19
DA:294,10
DA:296,7
DA:300,1
DA:301,1
DA:302,1
DA:303,1
DA:304,1
DA:306,1
LF:130
LH:127
BRDA:5,0,0,2
BRDA:5,0,1,8
BRDA:6,1,0,20
BRDA:6,1,1,18
BRDA:7,2,0,1
BRDA:7,2,1,7
BRDA:8,3,0,16
BRDA:8,3,1,16
BRDA:8,3,2,12
BRDA:14,4,0,3
BRDA:14,4,1,7
BRDA:15,5,0,36
BRDA:15,5,1,32
BRDA:16,6,0,2
BRDA:16,6,1,1
BRDA:21,7,0,1
BRDA:21,7,1,9
BRDA:21,8,0,16
BRDA:21,8,1,16
BRDA:22,9,0,0
BRDA:22,9,1,10
BRDA:22,10,0,0
BRDA:22,10,1,0
BRDA:23,11,0,0
BRDA:23,11,1,10
BRDA:23,12,0,0
BRDA:23,12,1,0
BRDA:24,13,0,1
BRDA:24,13,1,9
BRDA:24,14,0,10
BRDA:24,14,1,2
BRDA:24,15,0,16
BRDA:24,15,1,16
BRDA:26,16,0,2
BRDA:26,16,1,8
BRDA:39,17,0,20
BRDA:39,17,1,0
BRDA:39,18,0,20
BRDA:39,18,1,20
BRDA:54,19,0,0
BRDA:54,19,1,76
BRDA:77,20,0,76
BRDA:77,20,1,0
BRDA:82,21,0,52
BRDA:82,21,1,24
BRDA:86,22,0,51
BRDA:86,22,1,25
BRDA:88,23,0,46
BRDA:88,23,1,5
BRDA:88,24,0,51
BRDA:88,24,1,5
BRDA:101,25,0,0
BRDA:101,25,1,76
BRDA:101,26,0,76
BRDA:101,26,1,3
BRDA:101,26,2,3
BRDA:101,26,3,1
BRDA:109,27,0,30
BRDA:109,27,1,46
BRDA:109,28,0,76
BRDA:109,28,1,46
BRDA:110,29,0,12
BRDA:110,29,1,18
BRDA:110,30,0,30
BRDA:110,30,1,22
BRDA:112,31,0,1
BRDA:112,31,1,17
BRDA:114,32,0,10
BRDA:114,32,1,7
BRDA:114,33,0,17
BRDA:114,33,1,14
BRDA:124,34,0,7
BRDA:124,34,1,69
BRDA:125,35,0,1
BRDA:125,35,1,6
BRDA:127,36,0,4
BRDA:127,36,1,2
BRDA:128,37,0,0
BRDA:128,37,1,4
BRDA:128,38,0,4
BRDA:128,38,1,4
BRDA:137,39,0,0
BRDA:137,39,1,76
BRDA:137,40,0,76
BRDA:137,40,1,3
BRDA:137,40,2,3
BRDA:137,40,3,1
BRDA:145,41,0,14
BRDA:145,41,1,62
BRDA:145,42,0,76
BRDA:145,42,1,24
BRDA:145,42,2,10
BRDA:145,42,3,0
BRDA:153,43,0,76
BRDA:153,43,1,30
BRDA:161,44,0,0
BRDA:162,45,0,2
BRDA:162,45,1,6
BRDA:162,46,0,8
BRDA:162,46,1,7
BRDA:167,47,0,9
BRDA:167,47,1,1
BRDA:167,48,0,10
BRDA:167,48,1,9
BRDA:168,49,0,9
BRDA:168,49,1,0
BRDA:190,50,0,30
BRDA:190,50,1,2
BRDA:208,51,0,30
BRDA:208,51,1,2
BRDA:254,52,0,2
BRDA:255,53,0,2
BRDA:255,53,1,7
BRDA:255,54,0,9
BRDA:255,54,1,8
BRDA:261,55,0,7
BRDA:261,55,1,30
BRDA:261,56,0,37
BRDA:261,56,1,37
BRDA:275,57,0,36
BRDA:275,57,1,191
BRDA:281,58,0,36
BRDA:281,58,1,95
BRDA:288,59,0,30
BRDA:288,59,1,0
BRDA:293,60,0,9
BRDA:293,60,1,10
BRDA:300,61,0,1
BRDA:300,61,1,0
BRDA:300,62,0,1
BRDA:300,62,1,1
BRF:131
BRH:114
end_of_record
